  EditorCamera.cpp
  Editor.cpp
D:\Dev\Fracture\FractureEngine\src\Editor\Editor.cpp(117,91): error C2661: 'Fracture::ViewPanel::ViewPanel': no overloaded function takes 2 arguments
D:\Dev\Fracture\FractureEngine\src\Editor\Editor.cpp(154,46): error C2664: 'void Fracture::ViewPanel::setRenderer(Fracture::Renderer &)': cannot convert argument 1 from 'Fracture::Renderer *' to 'Fracture::Renderer &'
D:\Dev\Fracture\FractureEngine\src\Editor\Panels\ViewPanel.h(34,8): message : see declaration of 'Fracture::ViewPanel::setRenderer'
D:\Dev\Fracture\FractureEngine\src\Editor\Editor.cpp(317,46): error C2664: 'void Fracture::ViewPanel::setRenderer(Fracture::Renderer &)': cannot convert argument 1 from 'Fracture::Renderer *' to 'Fracture::Renderer &'
D:\Dev\Fracture\FractureEngine\src\Editor\Panels\ViewPanel.h(34,8): message : see declaration of 'Fracture::ViewPanel::setRenderer'
D:\Dev\Fracture\FractureEngine\src\Editor\Editor.cpp(853,113): warning C4312: 'type cast': conversion from 'uint32_t' to 'void *' of greater size
  TabbedElement.cpp
  MaterialFactory.cpp
  FractureSplash.cpp
D:\Dev\Fracture\FractureEngine\src\Editor\FractureSplash.cpp(123,55): warning C4312: 'type cast': conversion from 'uint32_t' to 'ImTextureID' of greater size
D:\Dev\Fracture\FractureEngine\src\Editor\FractureSplash.cpp(130,48): warning C4312: 'type cast': conversion from 'uint32_t' to 'void *' of greater size
D:\Program Files (x86)\Visual Studio IDE\VC\Tools\MSVC\14.27.29110\include\memory(1054,1): error C2440: '<function-style-cast>': cannot convert from 'std::shared_ptr<Fracture::Texture>' to 'std::shared_ptr<Fracture::Texture2D>'
D:\Program Files (x86)\Visual Studio IDE\VC\Tools\MSVC\14.27.29110\include\memory(1054,1): message : No constructor could take the source type, or constructor overload resolution was ambiguous
D:\Dev\Fracture\FractureEngine\src\Editor\FractureSplash.cpp(50): message : see reference to function template instantiation 'std::shared_ptr<Fracture::Texture2D> &std::shared_ptr<Fracture::Texture2D>::operator =<Fracture::Texture>(std::shared_ptr<Fracture::Texture> &&) noexcept' being compiled
D:\Dev\Fracture\FractureEngine\src\Editor\FractureSplash.cpp(50): message : see reference to function template instantiation 'std::shared_ptr<Fracture::Texture2D> &std::shared_ptr<Fracture::Texture2D>::operator =<Fracture::Texture>(std::shared_ptr<Fracture::Texture> &&) noexcept' being compiled
  FreeCamera.cpp
  AssetBrowserPanel.cpp
D:\Dev\Fracture\FractureEngine\src\Editor\Panels\AssetBrowserPanel.cpp(166,83): warning C4312: 'type cast': conversion from 'uint32_t' to 'void *' of greater size
  Inspector.cpp
D:\Dev\Fracture\FractureEngine\src\Editor\Panels\Inspector.cpp(1143,36): warning C4312: 'type cast': conversion from 'unsigned int' to 'void *' of greater size
D:\Dev\Fracture\FractureEngine\src\Editor\Panels\Inspector.cpp(1165,36): warning C4312: 'type cast': conversion from 'unsigned int' to 'void *' of greater size
D:\Dev\Fracture\FractureEngine\src\Editor\Panels\Inspector.cpp(223,60): error C2039: 'id': is not a member of 'Fracture::Texture'
D:\Dev\Fracture\Fracture\src\Rendering\RenderTarget.h(16): message : see declaration of 'Fracture::Texture'
D:\Dev\Fracture\FractureEngine\src\Editor\Panels\Inspector.h(85): message : see reference to function template instantiation 'auto Fracture::InspectorPanel::DrawComponents::<lambda_11531c19ec0c75d682272663ef6dba0b>::operator ()<std::shared_ptr<Fracture::RenderComponent>>(std::shared_ptr<Fracture::RenderComponent> &) const' being compiled
D:\Dev\Fracture\FractureEngine\src\Editor\Panels\Inspector.cpp(326): message : see reference to function template instantiation 'void Fracture::InspectorPanel::DrawComponent<Fracture::RenderComponent,Fracture::InspectorPanel::DrawComponents::<lambda_11531c19ec0c75d682272663ef6dba0b>>(const std::string &,Fracture::Entity,UIFunction)' being compiled
          with
          [
              UIFunction=Fracture::InspectorPanel::DrawComponents::<lambda_11531c19ec0c75d682272663ef6dba0b>
          ]
D:\Dev\Fracture\FractureEngine\src\Editor\Panels\Inspector.cpp(223,1): error C2039: '__this': is not a member of 'Fracture::Texture'
D:\Dev\Fracture\Fracture\src\Rendering\RenderTarget.h(16): message : see declaration of 'Fracture::Texture'
D:\Dev\Fracture\FractureEngine\src\Editor\Panels\Inspector.cpp(223,1): error C2660: 'Fracture::InspectorPanel::DrawSample2DControl': function does not take 2 arguments
D:\Dev\Fracture\FractureEngine\src\Editor\Panels\Inspector.cpp(1161,32): message : see declaration of 'Fracture::InspectorPanel::DrawSample2DControl'
D:\Dev\Fracture\FractureEngine\src\Editor\Panels\Inspector.cpp(271,23): error C2039: 'AddTexture': is not a member of 'Fracture::AssetManager'
D:\Dev\Fracture\Fracture\src\AssetManager\AssetManager.h(46): message : see declaration of 'Fracture::AssetManager'
D:\Dev\Fracture\FractureEngine\src\Editor\Panels\Inspector.cpp(271,1): error C3861: 'AddTexture': identifier not found
D:\Dev\Fracture\FractureEngine\src\Editor\Panels\Inspector.cpp(553,22): error C2039: 'AddEnvironmentMap': is not a member of 'Fracture::AssetManager'
D:\Dev\Fracture\Fracture\src\AssetManager\AssetManager.h(46): message : see declaration of 'Fracture::AssetManager'
D:\Dev\Fracture\FractureEngine\src\Editor\Panels\Inspector.h(85): message : see reference to function template instantiation 'auto Fracture::InspectorPanel::DrawComponents::<lambda_86178fe67e5a9910e36dc94192ca9c0f>::operator ()<std::shared_ptr<Fracture::LightComponent>>(std::shared_ptr<Fracture::LightComponent> &) const' being compiled
D:\Dev\Fracture\FractureEngine\src\Editor\Panels\Inspector.cpp(560): message : see reference to function template instantiation 'void Fracture::InspectorPanel::DrawComponent<Fracture::LightComponent,Fracture::InspectorPanel::DrawComponents::<lambda_86178fe67e5a9910e36dc94192ca9c0f>>(const std::string &,Fracture::Entity,UIFunction)' being compiled
          with
          [
              UIFunction=Fracture::InspectorPanel::DrawComponents::<lambda_86178fe67e5a9910e36dc94192ca9c0f>
          ]
D:\Dev\Fracture\FractureEngine\src\Editor\Panels\Inspector.cpp(553,1): error C3861: 'AddEnvironmentMap': identifier not found
  SceneviewPanel.cpp
D:\Dev\Fracture\FractureEngine\src\Editor\Panels\SceneviewPanel.cpp(292,73): warning C4312: 'type cast': conversion from 'uint32_t' to 'void *' of greater size
D:\Dev\Fracture\FractureEngine\src\Editor\Panels\SceneviewPanel.cpp(296,72): warning C4312: 'type cast': conversion from 'uint32_t' to 'void *' of greater size
D:\Dev\Fracture\FractureEngine\src\Editor\Panels\SceneviewPanel.cpp(300,77): warning C4312: 'type cast': conversion from 'uint32_t' to 'void *' of greater size
D:\Dev\Fracture\FractureEngine\src\Editor\Panels\SceneviewPanel.cpp(305,59): warning C4312: 'type cast': conversion from 'uint32_t' to 'void *' of greater size
D:\Dev\Fracture\FractureEngine\src\Editor\Panels\SceneviewPanel.cpp(348,82): warning C4312: 'type cast': conversion from 'uint32_t' to 'void *' of greater size
D:\Dev\Fracture\FractureEngine\src\Editor\Panels\SceneviewPanel.cpp(356,8): warning C4312: 'type cast': conversion from 'uint32_t' to 'void *' of greater size
  TabbedPanel.cpp
  ViewPanel.cpp
D:\Dev\Fracture\FractureEngine\src\Editor\Panels\ViewPanel.cpp(64,107): warning C4312: 'type cast': conversion from 'uint32_t' to 'ImTextureID' of greater size
D:\Program Files (x86)\Visual Studio IDE\VC\Tools\MSVC\14.27.29110\include\xmemory(230,12): error C2664: 'Fracture::DepthNode::DepthNode(Fracture::DepthNode &&)': cannot convert argument 4 from '_Ty' to 'std::shared_ptr<Fracture::RenderBucket>'
          with
          [
              _Ty=Fracture::RenderBucket *
          ]
D:\Program Files (x86)\Visual Studio IDE\VC\Tools\MSVC\14.27.29110\include\xmemory(228,1): message : Constructor for class 'std::shared_ptr<Fracture::RenderBucket>' is declared 'explicit'
D:\Dev\Fracture\Fracture\src\Rendering\Framegraph\PassLibrary\DepthNode.h(17,3): message : see declaration of 'Fracture::DepthNode::DepthNode'
D:\Program Files (x86)\Visual Studio IDE\VC\Tools\MSVC\14.27.29110\include\memory(1427): message : see reference to function template instantiation 'void std::_Construct_in_place<_Ty,const char(&)[19],int,int,Fracture::RenderBucket*>(_Ty &,const char (&)[19],int &&,int &&,Fracture::RenderBucket *&&) noexcept(false)' being compiled
          with
          [
              _Ty=Fracture::DepthNode
          ]
D:\Program Files (x86)\Visual Studio IDE\VC\Tools\MSVC\14.27.29110\include\memory(2071): message : see reference to function template instantiation 'std::_Ref_count_obj2<_Ty>::_Ref_count_obj2<const char(&)[19],int,int,Fracture::RenderBucket*>(const char (&)[19],int &&,int &&,Fracture::RenderBucket *&&)' being compiled
          with
          [
              _Ty=Fracture::DepthNode
          ]
D:\Program Files (x86)\Visual Studio IDE\VC\Tools\MSVC\14.27.29110\include\memory(2072): message : see reference to function template instantiation 'std::_Ref_count_obj2<_Ty>::_Ref_count_obj2<const char(&)[19],int,int,Fracture::RenderBucket*>(const char (&)[19],int &&,int &&,Fracture::RenderBucket *&&)' being compiled
          with
          [
              _Ty=Fracture::DepthNode
          ]
D:\Dev\Fracture\FractureEngine\src\Editor\EditorFrameGraph.h(17): message : see reference to function template instantiation 'std::shared_ptr<Fracture::DepthNode> std::make_shared<Fracture::DepthNode,const char(&)[19],int,int,Fracture::RenderBucket*>(const char (&)[19],int &&,int &&,Fracture::RenderBucket *&&)' being compiled
D:\Program Files (x86)\Visual Studio IDE\VC\Tools\MSVC\14.27.29110\include\xmemory(230,12): error C2664: 'Fracture::LambertianNode::LambertianNode(Fracture::LambertianNode &&)': cannot convert argument 4 from '_Ty' to 'std::shared_ptr<Fracture::RenderBucket>'
          with
          [
              _Ty=Fracture::RenderBucket *
          ]
D:\Program Files (x86)\Visual Studio IDE\VC\Tools\MSVC\14.27.29110\include\xmemory(228,1): message : Constructor for class 'std::shared_ptr<Fracture::RenderBucket>' is declared 'explicit'
D:\Dev\Fracture\Fracture\src\Rendering\Framegraph\PassLibrary\LambertianNode.h(14,3): message : see declaration of 'Fracture::LambertianNode::LambertianNode'
D:\Program Files (x86)\Visual Studio IDE\VC\Tools\MSVC\14.27.29110\include\memory(1427): message : see reference to function template instantiation 'void std::_Construct_in_place<_Ty,const char(&)[14],int,int,Fracture::RenderBucket*>(_Ty &,const char (&)[14],int &&,int &&,Fracture::RenderBucket *&&) noexcept(false)' being compiled
          with
          [
              _Ty=Fracture::LambertianNode
          ]
D:\Program Files (x86)\Visual Studio IDE\VC\Tools\MSVC\14.27.29110\include\memory(2071): message : see reference to function template instantiation 'std::_Ref_count_obj2<_Ty>::_Ref_count_obj2<const char(&)[14],int,int,Fracture::RenderBucket*>(const char (&)[14],int &&,int &&,Fracture::RenderBucket *&&)' being compiled
          with
          [
              _Ty=Fracture::LambertianNode
          ]
D:\Program Files (x86)\Visual Studio IDE\VC\Tools\MSVC\14.27.29110\include\memory(2072): message : see reference to function template instantiation 'std::_Ref_count_obj2<_Ty>::_Ref_count_obj2<const char(&)[14],int,int,Fracture::RenderBucket*>(const char (&)[14],int &&,int &&,Fracture::RenderBucket *&&)' being compiled
          with
          [
              _Ty=Fracture::LambertianNode
          ]
D:\Dev\Fracture\FractureEngine\src\Editor\EditorFrameGraph.h(25): message : see reference to function template instantiation 'std::shared_ptr<Fracture::LambertianNode> std::make_shared<Fracture::LambertianNode,const char(&)[14],int,int,Fracture::RenderBucket*>(const char (&)[14],int &&,int &&,Fracture::RenderBucket *&&)' being compiled
D:\Program Files (x86)\Visual Studio IDE\VC\Tools\MSVC\14.27.29110\include\xmemory(230,12): error C2664: 'Fracture::OutlineNode::OutlineNode(Fracture::OutlineNode &&)': cannot convert argument 4 from '_Ty' to 'std::shared_ptr<Fracture::RenderBucket>'
          with
          [
              _Ty=Fracture::RenderBucket *
          ]
D:\Program Files (x86)\Visual Studio IDE\VC\Tools\MSVC\14.27.29110\include\xmemory(228,1): message : Constructor for class 'std::shared_ptr<Fracture::RenderBucket>' is declared 'explicit'
D:\Dev\Fracture\Fracture\src\Rendering\Framegraph\PassLibrary\OutlineNode.h(16,3): message : see declaration of 'Fracture::OutlineNode::OutlineNode'
D:\Program Files (x86)\Visual Studio IDE\VC\Tools\MSVC\14.27.29110\include\memory(1427): message : see reference to function template instantiation 'void std::_Construct_in_place<_Ty,const char(&)[12],int,int,Fracture::RenderBucket*>(_Ty &,const char (&)[12],int &&,int &&,Fracture::RenderBucket *&&) noexcept(false)' being compiled
          with
          [
              _Ty=Fracture::OutlineNode
          ]
D:\Program Files (x86)\Visual Studio IDE\VC\Tools\MSVC\14.27.29110\include\memory(2071): message : see reference to function template instantiation 'std::_Ref_count_obj2<_Ty>::_Ref_count_obj2<const char(&)[12],int,int,Fracture::RenderBucket*>(const char (&)[12],int &&,int &&,Fracture::RenderBucket *&&)' being compiled
          with
          [
              _Ty=Fracture::OutlineNode
          ]
D:\Program Files (x86)\Visual Studio IDE\VC\Tools\MSVC\14.27.29110\include\memory(2072): message : see reference to function template instantiation 'std::_Ref_count_obj2<_Ty>::_Ref_count_obj2<const char(&)[12],int,int,Fracture::RenderBucket*>(const char (&)[12],int &&,int &&,Fracture::RenderBucket *&&)' being compiled
          with
          [
              _Ty=Fracture::OutlineNode
          ]
D:\Dev\Fracture\FractureEngine\src\Editor\EditorFrameGraph.h(29): message : see reference to function template instantiation 'std::shared_ptr<Fracture::OutlineNode> std::make_shared<Fracture::OutlineNode,const char(&)[12],int,int,Fracture::RenderBucket*>(const char (&)[12],int &&,int &&,Fracture::RenderBucket *&&)' being compiled
  FileDialogue.cpp
  main.cpp
