d:\dev\fracture\fractureengine\int\vc142.pdb
d:\dev\fracture\fractureengine\int\vc142.idb
d:\dev\fracture\fractureengine\int\imgui_impl_opengl3.obj
d:\dev\fracture\fractureengine\int\imgui_draw.obj
d:\dev\fracture\fractureengine\int\imgui.obj
d:\dev\fracture\fractureengine\int\imguizmo.obj
d:\dev\fracture\fractureengine\int\main.obj
d:\dev\fracture\fractureengine\int\filedialogue.obj
d:\dev\fracture\fractureengine\int\frame.obj
d:\dev\fracture\fractureengine\int\viewpanel.obj
d:\dev\fracture\fractureengine\int\tabbedpanel.obj
d:\dev\fracture\fractureengine\int\sceneviewpanel.obj
d:\dev\fracture\fractureengine\int\panel.obj
d:\dev\fracture\fractureengine\int\inspector.obj
d:\dev\fracture\fractureengine\int\assetbrowserpanel.obj
d:\dev\fracture\fractureengine\int\fracturesplash.obj
d:\dev\fracture\fractureengine\int\materialfactory.obj
d:\dev\fracture\fractureengine\int\tagcomponentelement.obj
d:\dev\fracture\fractureengine\int\tabbedelement.obj
d:\dev\fracture\fractureengine\int\element.obj
d:\dev\fracture\fractureengine\int\editor.obj
d:\dev\fracture\fractureengine\int\editorcamera.obj
d:\dev\fracture\fractureengine\int\imgui_widgets.obj
d:\dev\fracture\fractureengine\int\imgui_impl_sdl.obj
d:\dev\fracture\fractureengine\int\fractureengine.res
d:\dev\fracture\fractureengine\bin\fractureengine.pdb
d:\dev\fracture\fractureengine\int\fractureengine.tlog\cl.command.1.tlog
d:\dev\fracture\fractureengine\int\fractureengine.tlog\cl.read.1.tlog
d:\dev\fracture\fractureengine\int\fractureengine.tlog\cl.write.1.tlog
d:\dev\fracture\fractureengine\int\fractureengine.tlog\link-cvtres.read.1.tlog
d:\dev\fracture\fractureengine\int\fractureengine.tlog\link-cvtres.write.1.tlog
d:\dev\fracture\fractureengine\int\fractureengine.tlog\link-rc.read.1.tlog
d:\dev\fracture\fractureengine\int\fractureengine.tlog\link-rc.write.1.tlog
d:\dev\fracture\fractureengine\int\fractureengine.tlog\link.command.1.tlog
d:\dev\fracture\fractureengine\int\fractureengine.tlog\link.read.1.tlog
d:\dev\fracture\fractureengine\int\fractureengine.tlog\link.write.1.tlog
d:\dev\fracture\fractureengine\int\fractureengine.tlog\rc.command.1.tlog
d:\dev\fracture\fractureengine\int\fractureengine.tlog\rc.read.1.tlog
d:\dev\fracture\fractureengine\int\fractureengine.tlog\rc.write.1.tlog
