[14:58:42] [info] FRACTURE: OpenGL loaded
[14:58:42] [info] FRACTURE: Vendor: ATI Technologies Inc.
[14:58:42] [info] FRACTURE: Renderer: Radeon RX 590 Series
[14:58:42] [info] FRACTURE: Version: 4.0.14736 Core Profile Context 20.9.2 27.20.12031.1000
[14:58:42] [trace] FRACTURE: Loaded model: player
[14:58:42] [trace] FRACTURE: Loaded Shader: default
[14:58:42] [trace] FRACTURE: Loaded Material: default
[14:58:42] [trace] FRACTURE: Camera Position: 0.0 , -0.99999994 ,15.0 
[14:58:42] [trace] FRACTURE: Camera Position: 0.0 , -1.9499998 ,15.0 
[14:58:42] [trace] FRACTURE: Camera Position: 0.0 , -2.8524997 ,15.0 
[14:58:42] [trace] FRACTURE: Camera Position: 0.0 , -3.7098746 ,15.0 
[14:58:42] [trace] FRACTURE: Camera Position: 0.0 , -4.5243807 ,15.0 
[14:58:42] [trace] FRACTURE: Camera Position: 0.0 , -5.2981615 ,15.0 
[14:58:42] [trace] FRACTURE: Camera Position: 0.0 , -6.033253 ,15.0 
[14:58:42] [trace] FRACTURE: Camera Position: 0.0 , -6.7315903 ,15.0 
[14:58:42] [trace] FRACTURE: Camera Position: 0.0 , -7.3950105 ,15.0 
[14:58:42] [trace] FRACTURE: Camera Position: 0.0 , -8.02526 ,15.0 
[14:58:42] [trace] FRACTURE: Camera Position: 0.0 , -8.623997 ,15.0 
[14:58:42] [trace] FRACTURE: Camera Position: 0.0 , -9.192797 ,15.0 
[14:58:42] [trace] FRACTURE: Camera Position: 0.0 , -9.733157 ,15.0 
[14:58:42] [trace] FRACTURE: Camera Position: 0.0 , -10.246499 ,15.0 
[14:58:42] [trace] FRACTURE: Camera Position: 0.0 , -10.734174 ,15.0 
[14:58:42] [trace] FRACTURE: Camera Position: 0.0 , -11.197465 ,15.0 
[14:58:42] [trace] FRACTURE: Camera Position: 0.0 , -11.637591 ,15.0 
[14:58:42] [trace] FRACTURE: Camera Position: 0.0 , -12.055712 ,15.0 
[14:58:42] [trace] FRACTURE: Camera Position: 0.0 , -12.452926 ,15.0 
[14:58:42] [trace] FRACTURE: Camera Position: 0.0 , -12.830279 ,15.0 
[14:58:42] [trace] FRACTURE: Camera Position: 0.0 , -13.188766 ,15.0 
[14:58:42] [trace] FRACTURE: Camera Position: 0.0 , -13.529327 ,15.0 
[14:58:42] [trace] FRACTURE: Camera Position: 0.0 , -13.85286 ,15.0 
[14:58:42] [trace] FRACTURE: Camera Position: 0.0 , -14.160217 ,15.0 
[14:58:42] [trace] FRACTURE: Camera Position: 0.0 , -14.452207 ,15.0 
[14:58:42] [trace] FRACTURE: Camera Position: 0.0 , -14.729596 ,15.0 
[14:58:42] [trace] FRACTURE: Camera Position: 0.0 , -14.993116 ,15.0 
[14:58:42] [trace] FRACTURE: Camera Position: 0.0 , -15.243461 ,15.0 
[14:58:42] [trace] FRACTURE: Camera Position: 0.0 , -15.481287 ,15.0 
[14:58:42] [trace] FRACTURE: Camera Position: 0.0 , -15.707223 ,15.0 
[14:58:42] [trace] FRACTURE: Camera Position: 0.0 , -15.921862 ,15.0 
[14:58:42] [trace] FRACTURE: Camera Position: 0.0 , -16.125769 ,15.0 
[14:58:42] [trace] FRACTURE: Camera Position: 0.0 , -16.319479 ,15.0 
[14:58:42] [trace] FRACTURE: Camera Position: 0.0 , -16.503504 ,15.0 
[14:58:42] [trace] FRACTURE: Camera Position: 0.0 , -16.678328 ,15.0 
[14:58:42] [trace] FRACTURE: Camera Position: 0.0 , -16.84441 ,15.0 
[14:58:42] [trace] FRACTURE: Camera Position: 0.0 , -17.00219 ,15.0 
[14:58:42] [trace] FRACTURE: Camera Position: 0.0 , -17.15208 ,15.0 
[14:58:42] [trace] FRACTURE: Camera Position: 0.0 , -17.294476 ,15.0 
[14:58:42] [trace] FRACTURE: Camera Position: 0.0 , -17.429752 ,15.0 
[14:58:42] [trace] FRACTURE: Camera Position: 0.0 , -17.558264 ,15.0 
[14:58:42] [trace] FRACTURE: Camera Position: 0.0 , -17.680351 ,15.0 
[14:58:42] [trace] FRACTURE: Camera Position: 0.0 , -17.796333 ,15.0 
[14:58:42] [trace] FRACTURE: Camera Position: 0.0 , -17.906517 ,15.0 
[14:58:42] [trace] FRACTURE: Camera Position: 0.0 , -18.01119 ,15.0 
[14:58:42] [trace] FRACTURE: Camera Position: 0.0 , -18.11063 ,15.0 
[14:58:42] [trace] FRACTURE: Camera Position: 0.0 , -18.2051 ,15.0 
[14:58:42] [trace] FRACTURE: Camera Position: 0.0 , -18.294844 ,15.0 
[14:58:42] [trace] FRACTURE: Camera Position: 0.0 , -18.380102 ,15.0 
[14:58:42] [trace] FRACTURE: Camera Position: 0.0 , -18.461098 ,15.0 
[14:58:42] [trace] FRACTURE: Camera Position: 0.0 , -18.538042 ,15.0 
[14:58:42] [trace] FRACTURE: Camera Position: 0.0 , -18.61114 ,15.0 
[14:58:42] [trace] FRACTURE: Camera Position: 0.0 , -18.680582 ,15.0 
[14:58:42] [trace] FRACTURE: Camera Position: 0.0 , -18.746553 ,15.0 
[14:58:42] [trace] FRACTURE: Camera Position: 0.0 , -18.809225 ,15.0 
[14:58:42] [trace] FRACTURE: Camera Position: 0.0 , -18.868763 ,15.0 
[14:58:42] [trace] FRACTURE: Camera Position: 0.0 , -18.925325 ,15.0 
[14:58:42] [trace] FRACTURE: Camera Position: 0.0 , -18.97906 ,15.0 
[14:58:42] [trace] FRACTURE: Camera Position: 0.0 , -19.030106 ,15.0 
[14:58:42] [trace] FRACTURE: Camera Position: 0.0 , -19.0786 ,15.0 
[14:58:42] [trace] FRACTURE: Camera Position: 0.0 , -19.12467 ,15.0 
[14:58:42] [trace] FRACTURE: Camera Position: 0.0 , -19.168436 ,15.0 
[14:58:42] [trace] FRACTURE: Camera Position: 0.0 , -19.210014 ,15.0 
[14:58:42] [trace] FRACTURE: Camera Position: 0.0 , -19.249514 ,15.0 
[14:58:42] [trace] FRACTURE: Camera Position: 0.0 , -19.287037 ,15.0 
[14:58:42] [trace] FRACTURE: Camera Position: 0.0 , -19.322685 ,15.0 
[14:58:42] [trace] FRACTURE: Camera Position: 0.0 , -19.35655 ,15.0 
[14:58:42] [trace] FRACTURE: Camera Position: 0.0 , -19.388723 ,15.0 
[14:58:42] [trace] FRACTURE: Camera Position: 0.0 , -19.419287 ,15.0 
[14:58:42] [trace] FRACTURE: Camera Position: 0.0 , -19.448322 ,15.0 
[14:58:42] [trace] FRACTURE: Camera Position: 0.0 , -19.475906 ,15.0 
[14:58:42] [trace] FRACTURE: Camera Position: 0.0 , -19.502111 ,15.0 
[14:58:42] [trace] FRACTURE: Camera Position: 0.0 , -19.527006 ,15.0 
[14:58:42] [trace] FRACTURE: Camera Position: 0.0 , -19.550655 ,15.0 
[14:58:42] [trace] FRACTURE: Camera Position: 0.0 , -19.573122 ,15.0 
[14:58:42] [trace] FRACTURE: Camera Position: 0.0 , -19.594465 ,15.0 
[14:58:42] [trace] FRACTURE: Camera Position: 0.0 , -19.614742 ,15.0 
[14:58:42] [trace] FRACTURE: Camera Position: 0.0 , -19.634005 ,15.0 
[14:58:42] [trace] FRACTURE: Camera Position: 0.0 , -19.652304 ,15.0 
[14:58:42] [trace] FRACTURE: Camera Position: 0.0 , -19.66969 ,15.0 
[14:58:42] [trace] FRACTURE: Camera Position: 0.0 , -19.686205 ,15.0 
[14:58:42] [trace] FRACTURE: Camera Position: 0.0 , -19.701895 ,15.0 
[14:58:42] [trace] FRACTURE: Camera Position: 0.0 , -19.7168 ,15.0 
[14:58:42] [trace] FRACTURE: Camera Position: 0.0 , -19.73096 ,15.0 
[14:58:42] [trace] FRACTURE: Camera Position: 0.0 , -19.744413 ,15.0 
[14:58:42] [trace] FRACTURE: Camera Position: 0.0 , -19.757193 ,15.0 
[14:58:42] [trace] FRACTURE: Camera Position: 0.0 , -19.769333 ,15.0 
[14:58:42] [trace] FRACTURE: Camera Position: 0.0 , -19.780867 ,15.0 
[14:58:42] [trace] FRACTURE: Camera Position: 0.0 , -19.791822 ,15.0 
[14:58:43] [trace] FRACTURE: Camera Position: 0.0 , -19.80223 ,15.0 
[14:58:43] [trace] FRACTURE: Camera Position: 0.0 , -19.812119 ,15.0 
[14:58:43] [trace] FRACTURE: Camera Position: 0.0 , -19.821512 ,15.0 
[14:58:43] [trace] FRACTURE: Camera Position: 0.0 , -19.830437 ,15.0 
[14:58:43] [trace] FRACTURE: Camera Position: 0.0 , -19.838915 ,15.0 
[14:58:43] [trace] FRACTURE: Camera Position: 0.0 , -19.84697 ,15.0 
[14:58:43] [trace] FRACTURE: Camera Position: 0.0 , -19.85462 ,15.0 
[14:58:43] [trace] FRACTURE: Camera Position: 0.0 , -19.861889 ,15.0 
[14:58:43] [trace] FRACTURE: Camera Position: 0.0 , -19.868793 ,15.0 
[14:58:43] [trace] FRACTURE: Camera Position: 0.0 , -19.875353 ,15.0 
[14:58:43] [trace] FRACTURE: Camera Position: 0.0 , -19.881584 ,15.0 
[14:58:43] [trace] FRACTURE: Camera Position: 0.0 , -19.887505 ,15.0 
[14:58:43] [trace] FRACTURE: Camera Position: 0.0 , -19.89313 ,15.0 
[14:58:43] [trace] FRACTURE: Camera Position: 0.0 , -19.898472 ,15.0 
[14:58:43] [trace] FRACTURE: Camera Position: 0.0 , -19.903547 ,15.0 
[14:58:43] [trace] FRACTURE: Camera Position: 0.0 , -19.90837 ,15.0 
[14:58:43] [trace] FRACTURE: Camera Position: 0.0 , -19.91295 ,15.0 
[14:58:43] [trace] FRACTURE: Camera Position: 0.0049999994 , -19.917303 ,15.0 
[14:58:43] [trace] FRACTURE: Camera Position: 0.014749998 , -19.921438 ,15.0 
[14:58:43] [trace] FRACTURE: Camera Position: 0.029012496 , -19.925365 ,15.0 
[14:58:43] [trace] FRACTURE: Camera Position: 0.04756187 , -19.929096 ,15.0 
[14:58:43] [trace] FRACTURE: Camera Position: 0.07018377 , -19.932642 ,15.0 
[14:58:43] [trace] FRACTURE: Camera Position: 0.09667458 , -19.93601 ,15.0 
[14:58:43] [trace] FRACTURE: Camera Position: 0.12684084 , -19.939209 ,15.0 
[14:58:43] [trace] FRACTURE: Camera Position: 0.1604988 , -19.942247 ,15.0 
[14:58:43] [trace] FRACTURE: Camera Position: 0.19747385 , -19.945135 ,15.0 
[14:58:43] [trace] FRACTURE: Camera Position: 0.23760016 , -19.947878 ,15.0 
[14:58:43] [trace] FRACTURE: Camera Position: 0.28072014 , -19.950483 ,15.0 
[14:58:43] [trace] FRACTURE: Camera Position: 0.32668415 , -19.95296 ,15.0 
[14:58:43] [trace] FRACTURE: Camera Position: 0.37534994 , -19.95531 ,15.0 
[14:58:43] [trace] FRACTURE: Camera Position: 0.42658243 , -19.957544 ,15.0 
[14:58:43] [trace] FRACTURE: Camera Position: 0.48025328 , -19.959667 ,15.0 
[14:58:43] [trace] FRACTURE: Camera Position: 0.53624064 , -19.961683 ,15.0 
[14:58:43] [trace] FRACTURE: Camera Position: 0.5944286 , -19.963598 ,15.0 
[14:58:43] [trace] FRACTURE: Camera Position: 0.6547072 , -19.965418 ,15.0 
[14:58:43] [trace] FRACTURE: Camera Position: 0.7169719 , -19.967146 ,15.0 
[14:58:43] [trace] FRACTURE: Camera Position: 0.7811233 , -19.968788 ,15.0 
[14:58:43] [trace] FRACTURE: Camera Position: 0.8470671 , -19.970348 ,15.0 
[14:58:43] [trace] FRACTURE: Camera Position: 0.91471374 , -19.97183 ,15.0 
[14:58:43] [trace] FRACTURE: Camera Position: 0.98397803 , -19.973238 ,15.0 
[14:58:43] [trace] FRACTURE: Camera Position: 1.054779 , -19.974575 ,15.0 
[14:58:43] [trace] FRACTURE: Camera Position: 1.12704 , -19.975845 ,15.0 
[14:58:43] [trace] FRACTURE: Camera Position: 1.200688 , -19.977053 ,15.0 
[14:58:43] [trace] FRACTURE: Camera Position: 1.2756536 , -19.978199 ,15.0 
[14:58:43] [trace] FRACTURE: Camera Position: 1.3518709 , -19.979288 ,15.0 
[14:58:43] [trace] FRACTURE: Camera Position: 1.4292773 , -19.980324 ,15.0 
[14:58:43] [trace] FRACTURE: Camera Position: 1.5078135 , -19.981308 ,15.0 
[14:58:43] [trace] FRACTURE: Camera Position: 1.5874227 , -19.982243 ,15.0 
[14:58:43] [trace] FRACTURE: Camera Position: 1.6680515 , -19.98313 ,15.0 
[14:58:43] [trace] FRACTURE: Camera Position: 1.7496488 , -19.983973 ,15.0 
[14:58:43] [trace] FRACTURE: Camera Position: 1.8321663 , -19.984774 ,15.0 
[14:58:43] [trace] FRACTURE: Camera Position: 1.915558 , -19.985535 ,15.0 
[14:58:43] [trace] FRACTURE: Camera Position: 1.99978 , -19.986258 ,15.0 
[14:58:43] [trace] FRACTURE: Camera Position: 2.084791 , -19.986944 ,15.0 
[14:58:43] [trace] FRACTURE: Camera Position: 2.1705513 , -19.987597 ,15.0 
[14:58:43] [trace] FRACTURE: Camera Position: 2.2570236 , -19.988216 ,15.0 
[14:58:43] [trace] FRACTURE: Camera Position: 2.3441722 , -19.988806 ,15.0 
[14:58:43] [trace] FRACTURE: Camera Position: 2.4319634 , -19.989365 ,15.0 
[14:58:43] [trace] FRACTURE: Camera Position: 2.520365 , -19.989897 ,15.0 
[14:58:43] [trace] FRACTURE: Camera Position: 2.6093466 , -19.990402 ,15.0 
[14:58:43] [trace] FRACTURE: Camera Position: 2.698879 , -19.990881 ,15.0 
[14:58:43] [trace] FRACTURE: Camera Position: 2.788935 , -19.991337 ,15.0 
[14:58:43] [trace] FRACTURE: Camera Position: 2.879488 , -19.99177 ,15.0 
[14:58:43] [trace] FRACTURE: Camera Position: 2.9705133 , -19.992182 ,15.0 
[14:58:43] [trace] FRACTURE: Camera Position: 3.0619874 , -19.992573 ,15.0 
[14:58:43] [trace] FRACTURE: Camera Position: 3.153888 , -19.992945 ,15.0 
[14:58:43] [trace] FRACTURE: Camera Position: 3.2461934 , -19.993298 ,15.0 
[14:58:43] [trace] FRACTURE: Camera Position: 3.3388836 , -19.993633 ,15.0 
[14:58:43] [trace] FRACTURE: Camera Position: 3.4319391 , -19.993952 ,15.0 
[14:58:43] [trace] FRACTURE: Camera Position: 3.525342 , -19.994253 ,15.0 
[14:58:43] [trace] FRACTURE: Camera Position: 3.6190746 , -19.994541 ,15.0 
[14:58:43] [trace] FRACTURE: Camera Position: 3.7131207 , -19.994814 ,15.0 
[14:58:43] [trace] FRACTURE: Camera Position: 3.8074644 , -19.995073 ,15.0 
[14:58:43] [trace] FRACTURE: Camera Position: 3.902091 , -19.99532 ,15.0 
[14:58:43] [trace] FRACTURE: Camera Position: 3.9969862 , -19.995554 ,15.0 
[14:58:43] [trace] FRACTURE: Camera Position: 4.0921364 , -19.995775 ,15.0 
[14:58:43] [trace] FRACTURE: Camera Position: 4.1875296 , -19.995987 ,15.0 
[14:58:43] [trace] FRACTURE: Camera Position: 4.2831526 , -19.996187 ,15.0 
[14:58:43] [trace] FRACTURE: Camera Position: 4.378995 , -19.996378 ,15.0 
[14:58:43] [trace] FRACTURE: Camera Position: 4.4750447 , -19.99656 ,15.0 
[14:58:43] [trace] FRACTURE: Camera Position: 4.571292 , -19.99673 ,15.0 
[14:58:43] [trace] FRACTURE: Camera Position: 4.667727 , -19.996895 ,15.0 
[14:58:43] [trace] FRACTURE: Camera Position: 4.7643404 , -19.99705 ,15.0 
[14:58:43] [trace] FRACTURE: Camera Position: 4.861123 , -19.997196 ,15.0 
[14:58:43] [trace] FRACTURE: Camera Position: 4.9580665 , -19.997335 ,15.0 
[14:58:43] [trace] FRACTURE: Camera Position: 5.055163 , -19.997469 ,15.0 
[14:58:43] [trace] FRACTURE: Camera Position: 5.152405 , -19.997595 ,15.0 
[14:58:43] [trace] FRACTURE: Camera Position: 5.249784 , -19.997715 ,15.0 
[14:58:43] [trace] FRACTURE: Camera Position: 5.3472943 , -19.99783 ,15.0 
[14:58:43] [trace] FRACTURE: Camera Position: 5.444929 , -19.997938 ,15.0 
[14:58:43] [trace] FRACTURE: Camera Position: 5.5426826 , -19.998041 ,15.0 
[14:58:43] [trace] FRACTURE: Camera Position: 5.6405478 , -19.998138 ,15.0 
[14:58:43] [trace] FRACTURE: Camera Position: 5.73852 , -19.998232 ,15.0 
[14:58:43] [trace] FRACTURE: Camera Position: 5.8365936 , -19.99832 ,15.0 
[14:58:43] [trace] FRACTURE: Camera Position: 5.934764 , -19.998404 ,15.0 
[14:58:43] [trace] FRACTURE: Camera Position: 6.0330253 , -19.998484 ,15.0 
[14:58:43] [trace] FRACTURE: Camera Position: 6.1313734 , -19.99856 ,15.0 
[14:58:43] [trace] FRACTURE: Camera Position: 6.2298045 , -19.998632 ,15.0 
[14:58:43] [trace] FRACTURE: Camera Position: 6.328314 , -19.998701 ,15.0 
[14:58:43] [trace] FRACTURE: Camera Position: 6.426898 , -19.998766 ,15.0 
[14:58:44] [trace] FRACTURE: Camera Position: 6.5255527 , -19.998827 ,15.0 
[14:58:44] [trace] FRACTURE: Camera Position: 6.6242747 , -19.998886 ,15.0 
[14:58:44] [trace] FRACTURE: Camera Position: 6.7230606 , -19.998941 ,15.0 
[14:58:44] [trace] FRACTURE: Camera Position: 6.8219075 , -19.998995 ,15.0 
[14:58:44] [trace] FRACTURE: Camera Position: 6.920812 , -19.999044 ,15.0 
[14:58:44] [trace] FRACTURE: Camera Position: 7.019771 , -19.999092 ,15.0 
[14:58:44] [trace] FRACTURE: Camera Position: 7.118782 , -19.999138 ,15.0 
[14:58:44] [trace] FRACTURE: Camera Position: 7.2178426 , -19.99918 ,15.0 
[14:58:44] [trace] FRACTURE: Camera Position: 7.3169503 , -19.99922 ,15.0 
[14:58:44] [trace] FRACTURE: Camera Position: 7.416103 , -19.999258 ,15.0 
[14:58:44] [trace] FRACTURE: Camera Position: 7.5152974 , -19.999294 ,15.0 
[14:58:44] [trace] FRACTURE: Camera Position: 7.6145325 , -19.999329 ,15.0 
[14:58:44] [trace] FRACTURE: Camera Position: 7.7138057 , -19.999361 ,15.0 
[14:58:44] [trace] FRACTURE: Camera Position: 7.8131156 , -19.999393 ,15.0 
[14:58:44] [trace] FRACTURE: Camera Position: 7.91246 , -19.999424 ,15.0 
[14:58:44] [trace] FRACTURE: Camera Position: 8.011837 , -19.999453 ,15.0 
[14:58:44] [trace] FRACTURE: Camera Position: 8.111245 , -19.99948 ,15.0 
[14:58:44] [trace] FRACTURE: Camera Position: 8.210683 , -19.999506 ,15.0 
[14:58:44] [trace] FRACTURE: Camera Position: 8.310148 , -19.99953 ,15.0 
[14:58:44] [trace] FRACTURE: Camera Position: 8.409641 , -19.999554 ,15.0 
[14:58:44] [trace] FRACTURE: Camera Position: 8.509159 , -19.999577 ,15.0 
[14:58:44] [trace] FRACTURE: Camera Position: 8.608702 , -19.999598 ,15.0 
[14:58:44] [trace] FRACTURE: Camera Position: 8.708266 , -19.999617 ,15.0 
[14:58:44] [trace] FRACTURE: Camera Position: 8.807853 , -19.999636 ,15.0 
[14:58:44] [trace] FRACTURE: Camera Position: 8.90746 , -19.999653 ,15.0 
[14:58:44] [trace] FRACTURE: Camera Position: 9.007087 , -19.99967 ,15.0 
[14:58:44] [trace] FRACTURE: Camera Position: 9.106732 , -19.999687 ,15.0 
[14:58:44] [trace] FRACTURE: Camera Position: 9.206396 , -19.999702 ,15.0 
[14:58:44] [trace] FRACTURE: Camera Position: 9.306077 , -19.999718 ,15.0 
[14:58:44] [trace] FRACTURE: Camera Position: 9.405773 , -19.999731 ,15.0 
[14:58:44] [trace] FRACTURE: Camera Position: 9.505485 , -19.999744 ,15.0 
[14:58:44] [trace] FRACTURE: Camera Position: 9.605211 , -19.999758 ,15.0 
[14:58:44] [trace] FRACTURE: Camera Position: 9.70495 , -19.99977 ,15.0 
[14:58:44] [trace] FRACTURE: Camera Position: 9.804703 , -19.99978 ,15.0 
[14:58:44] [trace] FRACTURE: Camera Position: 9.904468 , -19.999792 ,15.0 
[14:58:44] [trace] FRACTURE: Camera Position: 10.004245 , -19.999802 ,15.0 
[14:58:44] [trace] FRACTURE: Camera Position: 10.1040325 , -19.999811 ,15.0 
[14:58:44] [trace] FRACTURE: Camera Position: 10.203832 , -19.99982 ,15.0 
[14:58:44] [trace] FRACTURE: Camera Position: 10.30364 , -19.99983 ,15.0 
[14:58:44] [trace] FRACTURE: Camera Position: 10.403459 , -19.999838 ,15.0 
[14:58:44] [trace] FRACTURE: Camera Position: 10.503286 , -19.999846 ,15.0 
[14:58:44] [trace] FRACTURE: Camera Position: 10.603123 , -19.999853 ,15.0 
[14:58:44] [trace] FRACTURE: Camera Position: 10.702967 , -19.99986 ,15.0 
[14:58:44] [trace] FRACTURE: Camera Position: 10.802818 , -19.999868 ,15.0 
[14:58:44] [trace] FRACTURE: Camera Position: 10.902678 , -19.999874 ,15.0 
[14:58:44] [trace] FRACTURE: Camera Position: 11.002544 , -19.99988 ,15.0 
[14:58:44] [trace] FRACTURE: Camera Position: 11.102418 , -19.999886 ,15.0 
[14:58:44] [trace] FRACTURE: Camera Position: 11.202297 , -19.999891 ,15.0 
[14:58:44] [trace] FRACTURE: Camera Position: 11.302183 , -19.999897 ,15.0 
[14:58:44] [trace] FRACTURE: Camera Position: 11.402075 , -19.999903 ,15.0 
[14:58:44] [trace] FRACTURE: Camera Position: 11.501972 , -19.999907 ,15.0 
[14:58:44] [trace] FRACTURE: Camera Position: 11.601874 , -19.99991 ,15.0 
[14:58:44] [trace] FRACTURE: Camera Position: 11.701781 , -19.999914 ,15.0 
[14:58:44] [trace] FRACTURE: Camera Position: 11.801693 , -19.999918 ,15.0 
[14:58:44] [trace] FRACTURE: Camera Position: 11.901608 , -19.999922 ,15.0 
[14:58:44] [trace] FRACTURE: Camera Position: 12.001529 , -19.999926 ,15.0 
[14:58:44] [trace] FRACTURE: Camera Position: 12.101453 , -19.99993 ,15.0 
[14:58:44] [trace] FRACTURE: Camera Position: 12.201381 , -19.999933 ,15.0 
[14:58:44] [trace] FRACTURE: Camera Position: 12.301312 , -19.999937 ,15.0 
[14:58:44] [trace] FRACTURE: Camera Position: 12.401248 , -19.99994 ,15.0 
[14:58:44] [trace] FRACTURE: Camera Position: 12.501186 , -19.999943 ,15.0 
[14:58:44] [trace] FRACTURE: Camera Position: 12.601129 , -19.999945 ,15.0 
[14:58:44] [trace] FRACTURE: Camera Position: 12.701073 , -19.999947 ,15.0 
[14:58:44] [trace] FRACTURE: Camera Position: 12.80102 , -19.999949 ,15.0 
[14:58:44] [trace] FRACTURE: Camera Position: 12.9009695 , -19.99995 ,15.0 
[14:58:44] [trace] FRACTURE: Camera Position: 13.000921 , -19.999952 ,15.0 
[14:58:44] [trace] FRACTURE: Camera Position: 13.100876 , -19.999954 ,15.0 
[14:58:44] [trace] FRACTURE: Camera Position: 13.200833 , -19.999956 ,15.0 
[14:58:44] [trace] FRACTURE: Camera Position: 13.300793 , -19.999958 ,15.0 
[14:58:44] [trace] FRACTURE: Camera Position: 13.400754 , -19.99996 ,15.0 
[14:58:44] [trace] FRACTURE: Camera Position: 13.500717 , -19.999962 ,15.0 
[14:58:44] [trace] FRACTURE: Camera Position: 13.600682 , -19.999964 ,15.0 
[14:58:44] [trace] FRACTURE: Camera Position: 13.700648 , -19.999966 ,15.0 
[14:58:44] [trace] FRACTURE: Camera Position: 13.800616 , -19.999968 ,15.0 
[14:58:44] [trace] FRACTURE: Camera Position: 13.900586 , -19.99997 ,15.0 
[14:58:44] [trace] FRACTURE: Camera Position: 14.000558 , -19.999971 ,15.0 
[14:58:44] [trace] FRACTURE: Camera Position: 14.100531 , -19.999973 ,15.0 
[14:58:44] [trace] FRACTURE: Camera Position: 14.200505 , -19.999975 ,15.0 
[14:58:44] [trace] FRACTURE: Camera Position: 14.300481 , -19.999977 ,15.0 
[14:58:44] [trace] FRACTURE: Camera Position: 14.400458 , -19.999977 ,15.0 
[14:58:44] [trace] FRACTURE: Camera Position: 14.500437 , -19.999977 ,15.0 
[14:58:44] [trace] FRACTURE: Camera Position: 14.600416 , -19.999977 ,15.0 
[14:58:44] [trace] FRACTURE: Camera Position: 14.700397 , -19.999977 ,15.0 
[14:58:44] [trace] FRACTURE: Camera Position: 14.800378 , -19.999977 ,15.0 
[14:58:44] [trace] FRACTURE: Camera Position: 14.90036 , -19.999977 ,15.0 
[14:58:44] [trace] FRACTURE: Camera Position: 15.000343 , -19.999977 ,15.0 
[14:58:44] [trace] FRACTURE: Camera Position: 15.1003275 , -19.999977 ,15.0 
[14:58:44] [trace] FRACTURE: Camera Position: 15.200313 , -19.999977 ,15.0 
[14:58:44] [trace] FRACTURE: Camera Position: 15.300299 , -19.999977 ,15.0 
[14:58:44] [trace] FRACTURE: Camera Position: 15.400286 , -19.999977 ,15.0 
[14:58:44] [trace] FRACTURE: Camera Position: 15.500273 , -19.999977 ,15.0 
[14:58:44] [trace] FRACTURE: Camera Position: 15.600261 , -19.999977 ,15.0 
[14:58:44] [trace] FRACTURE: Camera Position: 15.700249 , -19.999977 ,15.0 
[14:58:44] [trace] FRACTURE: Camera Position: 15.800238 , -19.999977 ,15.0 
[14:58:44] [trace] FRACTURE: Camera Position: 15.900227 , -19.999977 ,15.0 
[14:58:44] [trace] FRACTURE: Camera Position: 16.000217 , -19.999977 ,15.0 
[14:58:44] [trace] FRACTURE: Camera Position: 16.100208 , -19.999977 ,15.0 
[14:58:44] [trace] FRACTURE: Camera Position: 16.2002 , -19.999977 ,15.0 
[14:58:44] [trace] FRACTURE: Camera Position: 16.30019 , -19.999977 ,15.0 
[14:58:44] [trace] FRACTURE: Camera Position: 16.40018 , -19.999977 ,15.0 
[14:58:45] [trace] FRACTURE: Camera Position: 16.500174 , -19.999977 ,15.0 
[14:58:45] [trace] FRACTURE: Camera Position: 16.600166 , -19.999977 ,15.0 
[14:58:45] [trace] FRACTURE: Camera Position: 16.70016 , -19.999977 ,15.0 
[14:58:45] [trace] FRACTURE: Camera Position: 16.800152 , -19.999977 ,15.0 
[14:58:45] [trace] FRACTURE: Camera Position: 16.900146 , -19.999977 ,15.0 
[14:58:45] [trace] FRACTURE: Camera Position: 17.000141 , -19.999977 ,15.0 
[14:58:45] [trace] FRACTURE: Camera Position: 17.100136 , -19.999977 ,15.0 
[14:58:45] [trace] FRACTURE: Camera Position: 17.20013 , -19.999977 ,15.0 
[14:58:45] [trace] FRACTURE: Camera Position: 17.300125 , -19.999977 ,15.0 
[14:58:45] [trace] FRACTURE: Camera Position: 17.40012 , -19.999977 ,15.0 
[14:58:45] [trace] FRACTURE: Camera Position: 17.500114 , -19.999977 ,15.0 
[14:58:45] [trace] FRACTURE: Camera Position: 17.600111 , -19.999977 ,15.0 
[14:58:45] [trace] FRACTURE: Camera Position: 17.700108 , -19.999977 ,15.0 
[14:58:45] [trace] FRACTURE: Camera Position: 17.800104 , -19.999977 ,15.0 
[14:58:45] [trace] FRACTURE: Camera Position: 17.9001 , -19.999977 ,15.0 
[14:58:45] [trace] FRACTURE: Camera Position: 18.000097 , -19.999977 ,15.0 
[14:58:45] [trace] FRACTURE: Camera Position: 18.100094 , -19.999977 ,15.0 
[14:58:45] [trace] FRACTURE: Camera Position: 18.20009 , -19.999977 ,15.0 
[14:58:45] [trace] FRACTURE: Camera Position: 18.300087 , -19.999977 ,15.0 
[14:58:45] [trace] FRACTURE: Camera Position: 18.400084 , -19.999977 ,15.0 
[14:58:45] [trace] FRACTURE: Camera Position: 18.500082 , -19.999977 ,15.0 
[14:58:45] [trace] FRACTURE: Camera Position: 18.600079 , -19.999977 ,15.0 
[14:58:45] [trace] FRACTURE: Camera Position: 18.700077 , -19.999977 ,15.0 
[14:58:45] [trace] FRACTURE: Camera Position: 18.800076 , -19.999977 ,15.0 
[14:58:45] [trace] FRACTURE: Camera Position: 18.900074 , -19.999977 ,15.0 
[14:58:45] [trace] FRACTURE: Camera Position: 19.000072 , -19.999977 ,15.0 
[14:58:45] [trace] FRACTURE: Camera Position: 19.10007 , -19.999977 ,15.0 
[14:58:45] [trace] FRACTURE: Camera Position: 19.20007 , -19.999977 ,15.0 
[14:58:45] [trace] FRACTURE: Camera Position: 19.300068 , -19.999977 ,15.0 
[14:58:45] [trace] FRACTURE: Camera Position: 19.400066 , -19.999977 ,15.0 
[14:58:45] [trace] FRACTURE: Camera Position: 19.500065 , -19.999977 ,15.0 
[14:58:45] [trace] FRACTURE: Camera Position: 19.600063 , -19.999977 ,15.0 
[14:58:45] [trace] FRACTURE: Camera Position: 19.700062 , -19.999977 ,15.0 
[14:58:45] [trace] FRACTURE: Camera Position: 19.800062 , -19.999977 ,15.0 
[14:58:45] [trace] FRACTURE: Camera Position: 19.90006 , -19.999977 ,15.0 
[14:58:45] [trace] FRACTURE: Camera Position: 20.000061 , -19.999977 ,15.0 
[14:58:45] [trace] FRACTURE: Camera Position: 20.10006 , -19.999977 ,15.0 
[14:58:45] [trace] FRACTURE: Camera Position: 20.200058 , -19.999977 ,15.0 
[14:58:45] [trace] FRACTURE: Camera Position: 20.300056 , -19.999977 ,15.0 
[14:58:45] [trace] FRACTURE: Camera Position: 20.400055 , -19.999977 ,15.0 
[14:58:45] [trace] FRACTURE: Camera Position: 20.500055 , -19.999977 ,15.0 
[14:58:45] [trace] FRACTURE: Camera Position: 20.600054 , -19.999977 ,15.0 
[14:58:45] [trace] FRACTURE: Camera Position: 20.700054 , -19.999977 ,15.0 
[14:58:45] [trace] FRACTURE: Camera Position: 20.800053 , -19.999977 ,15.0 
[14:58:45] [trace] FRACTURE: Camera Position: 20.900053 , -19.999977 ,15.0 
[14:58:45] [trace] FRACTURE: Camera Position: 21.000053 , -19.999977 ,15.0 
[14:58:45] [trace] FRACTURE: Camera Position: 21.100052 , -19.999977 ,15.0 
[14:58:45] [trace] FRACTURE: Camera Position: 21.200052 , -19.999977 ,15.0 
[14:58:45] [trace] FRACTURE: Camera Position: 21.30005 , -19.999977 ,15.0 
[14:58:45] [trace] FRACTURE: Camera Position: 21.400051 , -19.999977 ,15.0 
[14:58:45] [trace] FRACTURE: Camera Position: 21.50005 , -19.999977 ,15.0 
[14:58:45] [trace] FRACTURE: Camera Position: 21.60005 , -19.999977 ,15.0 
[14:58:45] [trace] FRACTURE: Camera Position: 21.70005 , -19.999977 ,15.0 
[14:58:45] [trace] FRACTURE: Camera Position: 21.80005 , -19.999977 ,15.0 
[14:58:45] [trace] FRACTURE: Camera Position: 21.900051 , -19.999977 ,15.0 
[14:58:45] [trace] FRACTURE: Camera Position: 22.000051 , -19.999977 ,15.0 
[14:58:45] [trace] FRACTURE: Camera Position: 22.100052 , -19.999977 ,15.0 
[14:58:45] [trace] FRACTURE: Camera Position: 22.20005 , -19.999977 ,15.0 
[14:58:45] [trace] FRACTURE: Camera Position: 22.30005 , -19.999977 ,15.0 
[14:58:45] [trace] FRACTURE: Camera Position: 22.40005 , -19.999977 ,15.0 
[14:58:45] [trace] FRACTURE: Camera Position: 22.50005 , -19.999977 ,15.0 
[14:58:45] [trace] FRACTURE: Camera Position: 22.60005 , -19.999977 ,15.0 
[14:58:45] [trace] FRACTURE: Camera Position: 22.70005 , -19.999977 ,15.0 
[14:58:45] [trace] FRACTURE: Camera Position: 22.80005 , -19.999977 ,15.0 
[14:58:45] [trace] FRACTURE: Camera Position: 22.900051 , -19.999977 ,15.0 
[14:58:45] [trace] FRACTURE: Camera Position: 23.000051 , -19.999977 ,15.0 
[14:58:45] [trace] FRACTURE: Camera Position: 23.100052 , -19.999977 ,15.0 
[14:58:45] [trace] FRACTURE: Camera Position: 23.200052 , -19.999977 ,15.0 
[14:58:45] [trace] FRACTURE: Camera Position: 23.30005 , -19.999977 ,15.0 
[14:58:45] [trace] FRACTURE: Camera Position: 23.400051 , -19.999977 ,15.0 
[14:58:45] [trace] FRACTURE: Camera Position: 23.500051 , -19.999977 ,15.0 
[14:58:45] [trace] FRACTURE: Camera Position: 23.600052 , -19.999977 ,15.0 
[14:58:45] [trace] FRACTURE: Camera Position: 23.700052 , -19.999977 ,15.0 
[14:58:45] [trace] FRACTURE: Camera Position: 23.800053 , -19.999977 ,15.0 
[14:58:45] [trace] FRACTURE: Camera Position: 23.900053 , -19.999977 ,15.0 
[14:58:45] [trace] FRACTURE: Camera Position: 24.000053 , -19.999977 ,15.0 
[14:58:45] [trace] FRACTURE: Camera Position: 24.100054 , -19.999977 ,15.0 
[14:58:45] [trace] FRACTURE: Camera Position: 24.200052 , -19.999977 ,15.0 
[14:58:45] [trace] FRACTURE: Camera Position: 24.300053 , -19.999977 ,15.0 
[14:58:45] [trace] FRACTURE: Camera Position: 24.400053 , -19.999977 ,15.0 
[14:58:45] [trace] FRACTURE: Camera Position: 24.500053 , -19.999977 ,15.0 
[14:58:45] [trace] FRACTURE: Camera Position: 24.600054 , -19.999977 ,15.0 
[14:58:45] [trace] FRACTURE: Camera Position: 24.700054 , -19.999977 ,15.0 
[14:58:45] [trace] FRACTURE: Camera Position: 24.800055 , -19.999977 ,15.0 
[14:58:45] [trace] FRACTURE: Camera Position: 24.900055 , -19.999977 ,15.0 
[14:58:45] [trace] FRACTURE: Camera Position: 25.000055 , -19.999977 ,15.0 
[14:58:45] [trace] FRACTURE: Camera Position: 25.100056 , -19.999977 ,15.0 
[14:58:45] [trace] FRACTURE: Camera Position: 25.200056 , -19.999977 ,15.0 
[14:58:45] [trace] FRACTURE: Camera Position: 25.300055 , -19.999977 ,15.0 
[14:58:45] [trace] FRACTURE: Camera Position: 25.400055 , -19.999977 ,15.0 
[14:58:45] [trace] FRACTURE: Camera Position: 25.500055 , -19.999977 ,15.0 
[14:58:45] [trace] FRACTURE: Camera Position: 25.600056 , -19.999977 ,15.0 
[14:58:45] [trace] FRACTURE: Camera Position: 25.700056 , -19.999977 ,15.0 
[14:58:45] [trace] FRACTURE: Camera Position: 25.800056 , -19.999977 ,15.0 
[14:58:45] [trace] FRACTURE: Camera Position: 25.900057 , -19.999977 ,15.0 
[14:58:45] [trace] FRACTURE: Camera Position: 26.000057 , -19.999977 ,15.0 
[14:58:45] [trace] FRACTURE: Camera Position: 26.100058 , -19.999977 ,15.0 
[14:58:45] [trace] FRACTURE: Camera Position: 26.200056 , -19.999977 ,15.0 
[14:58:45] [trace] FRACTURE: Camera Position: 26.300056 , -19.999977 ,15.0 
[14:58:45] [trace] FRACTURE: Camera Position: 26.400057 , -19.999977 ,15.0 
[14:58:46] [trace] FRACTURE: Camera Position: 26.500057 , -19.999977 ,15.0 
[14:58:46] [trace] FRACTURE: Camera Position: 26.600058 , -19.999977 ,15.0 
[14:58:46] [trace] FRACTURE: Camera Position: 26.700058 , -19.999977 ,15.0 
[14:58:46] [trace] FRACTURE: Camera Position: 26.800058 , -19.999977 ,15.0 
[14:58:46] [trace] FRACTURE: Camera Position: 26.900059 , -19.999977 ,15.0 
[14:58:46] [trace] FRACTURE: Camera Position: 27.00006 , -19.999977 ,15.0 
[14:58:46] [trace] FRACTURE: Camera Position: 27.10006 , -19.999977 ,15.0 
[14:58:46] [trace] FRACTURE: Camera Position: 27.20006 , -19.999977 ,15.0 
[14:58:46] [trace] FRACTURE: Camera Position: 27.30006 , -19.999977 ,15.0 
[14:58:46] [trace] FRACTURE: Camera Position: 27.40006 , -19.999977 ,15.0 
[14:58:46] [trace] FRACTURE: Camera Position: 27.500061 , -19.999977 ,15.0 
[14:58:46] [trace] FRACTURE: Camera Position: 27.600061 , -19.999977 ,15.0 
[14:58:46] [trace] FRACTURE: Camera Position: 27.700062 , -19.999977 ,15.0 
[14:58:46] [trace] FRACTURE: Camera Position: 27.800062 , -19.999977 ,15.0 
[14:58:46] [trace] FRACTURE: Camera Position: 27.900063 , -19.999977 ,15.0 
[14:58:46] [trace] FRACTURE: Camera Position: 28.000063 , -19.999977 ,15.0 
[14:58:46] [trace] FRACTURE: Camera Position: 28.100063 , -19.999977 ,15.0 
[14:58:46] [trace] FRACTURE: Camera Position: 28.200064 , -19.999977 ,15.0 
[14:58:46] [trace] FRACTURE: Camera Position: 28.300064 , -19.999977 ,15.0 
[14:58:46] [trace] FRACTURE: Camera Position: 28.400064 , -19.999977 ,15.0 
[14:58:46] [trace] FRACTURE: Camera Position: 28.500065 , -19.999977 ,15.0 
[14:58:46] [trace] FRACTURE: Camera Position: 28.600065 , -19.999977 ,15.0 
[14:58:46] [trace] FRACTURE: Camera Position: 28.700066 , -19.999977 ,15.0 
[14:58:46] [trace] FRACTURE: Camera Position: 28.800066 , -19.999977 ,15.0 
[14:58:46] [trace] FRACTURE: Camera Position: 28.900066 , -19.999977 ,15.0 
[14:58:46] [trace] FRACTURE: Camera Position: 29.000067 , -19.999977 ,15.0 
[14:58:46] [trace] FRACTURE: Camera Position: 29.100067 , -19.999977 ,15.0 
[14:58:46] [trace] FRACTURE: Camera Position: 29.200068 , -19.999977 ,15.0 
[14:58:46] [trace] FRACTURE: Camera Position: 29.300068 , -19.999977 ,15.0 
[14:58:46] [trace] FRACTURE: Camera Position: 29.400068 , -19.999977 ,15.0 
[14:58:46] [trace] FRACTURE: Camera Position: 29.500069 , -19.999977 ,15.0 
[14:58:46] [trace] FRACTURE: Camera Position: 29.600069 , -19.999977 ,15.0 
[14:58:46] [trace] FRACTURE: Camera Position: 29.70007 , -19.999977 ,15.0 
[14:58:46] [trace] FRACTURE: Camera Position: 29.80007 , -19.999977 ,15.0 
[14:58:46] [trace] FRACTURE: Camera Position: 29.90007 , -19.999977 ,15.0 
[14:58:46] [trace] FRACTURE: Camera Position: 30.00007 , -19.999977 ,15.0 
[14:58:46] [trace] FRACTURE: Camera Position: 30.10007 , -19.999977 ,15.0 
[14:58:46] [trace] FRACTURE: Camera Position: 30.200071 , -19.999977 ,15.0 
[14:58:46] [trace] FRACTURE: Camera Position: 30.300072 , -19.999977 ,15.0 
[14:58:46] [trace] FRACTURE: Camera Position: 30.400072 , -19.999977 ,15.0 
[14:58:46] [trace] FRACTURE: Camera Position: 30.500072 , -19.999977 ,15.0 
[14:58:46] [trace] FRACTURE: Camera Position: 30.600073 , -19.999977 ,15.0 
[14:58:46] [trace] FRACTURE: Camera Position: 30.700071 , -19.999977 ,15.0 
[14:58:46] [trace] FRACTURE: Camera Position: 30.800072 , -19.999977 ,15.0 
[14:58:46] [trace] FRACTURE: Camera Position: 30.90007 , -19.999977 ,15.0 
[14:58:46] [trace] FRACTURE: Camera Position: 31.00007 , -19.999977 ,15.0 
[14:58:46] [trace] FRACTURE: Camera Position: 31.10007 , -19.999977 ,15.0 
[14:58:46] [trace] FRACTURE: Camera Position: 31.20007 , -19.999977 ,15.0 
[14:58:46] [trace] FRACTURE: Camera Position: 31.30007 , -19.999977 ,15.0 
[14:58:46] [trace] FRACTURE: Camera Position: 31.400068 , -19.999977 ,15.0 
[14:58:46] [trace] FRACTURE: Camera Position: 31.500069 , -19.999977 ,15.0 
[14:58:46] [trace] FRACTURE: Camera Position: 31.600067 , -19.999977 ,15.0 
[14:58:46] [trace] FRACTURE: Camera Position: 31.700066 , -19.999977 ,15.0 
[14:58:46] [trace] FRACTURE: Camera Position: 31.800066 , -19.999977 ,15.0 
[14:58:46] [trace] FRACTURE: Camera Position: 31.900064 , -19.999977 ,15.0 
[14:58:46] [trace] FRACTURE: Camera Position: 32.000065 , -19.999977 ,15.0 
[14:58:46] [trace] FRACTURE: Camera Position: 32.100063 , -19.999977 ,15.0 
[14:58:46] [trace] FRACTURE: Camera Position: 32.20006 , -19.999977 ,15.0 
[14:58:46] [trace] FRACTURE: Camera Position: 32.30006 , -19.999977 ,15.0 
[14:58:46] [trace] FRACTURE: Camera Position: 32.40006 , -19.999977 ,15.0 
[14:58:46] [trace] FRACTURE: Camera Position: 32.500057 , -19.999977 ,15.0 
[14:58:46] [trace] FRACTURE: Camera Position: 32.600056 , -19.999977 ,15.0 
[14:58:46] [trace] FRACTURE: Camera Position: 32.700054 , -19.999977 ,15.0 
[14:58:46] [trace] FRACTURE: Camera Position: 32.800053 , -19.999977 ,15.0 
[14:58:46] [trace] FRACTURE: Camera Position: 32.90005 , -19.999977 ,15.0 
[14:58:46] [trace] FRACTURE: Camera Position: 33.00005 , -19.999977 ,15.0 
[14:58:46] [trace] FRACTURE: Camera Position: 33.100048 , -19.999977 ,15.0 
[14:58:46] [trace] FRACTURE: Camera Position: 33.200047 , -19.999977 ,15.0 
[14:58:46] [trace] FRACTURE: Camera Position: 33.300045 , -19.999977 ,15.0 
[14:58:46] [trace] FRACTURE: Camera Position: 33.395042 , -19.999977 ,15.0 
[14:58:46] [trace] FRACTURE: Camera Position: 33.48529 , -19.999977 ,15.0 
[14:58:46] [trace] FRACTURE: Camera Position: 33.571026 , -19.999977 ,15.0 
[14:58:46] [trace] FRACTURE: Camera Position: 33.652473 , -19.999977 ,15.0 
[14:58:46] [trace] FRACTURE: Camera Position: 33.72985 , -19.999977 ,15.0 
[14:58:46] [trace] FRACTURE: Camera Position: 33.80336 , -19.999977 ,15.0 
[14:58:46] [trace] FRACTURE: Camera Position: 33.87319 , -19.999977 ,15.0 
[14:58:46] [trace] FRACTURE: Camera Position: 33.939533 , -19.999977 ,15.0 
[14:58:46] [trace] FRACTURE: Camera Position: 34.00256 , -19.999977 ,15.0 
[14:58:46] [trace] FRACTURE: Camera Position: 34.062435 , -19.999977 ,15.0 
[14:58:46] [trace] FRACTURE: Camera Position: 34.119316 , -19.999977 ,15.0 
[14:58:46] [trace] FRACTURE: Camera Position: 34.17335 , -19.999977 ,15.0 
[14:58:46] [trace] FRACTURE: Camera Position: 34.224686 , -19.999977 ,15.0 
[14:58:46] [trace] FRACTURE: Camera Position: 34.273453 , -19.999977 ,15.0 
[14:58:46] [trace] FRACTURE: Camera Position: 34.319782 , -19.999977 ,15.0 
[14:58:46] [trace] FRACTURE: Camera Position: 34.363796 , -19.999977 ,15.0 
[14:58:46] [trace] FRACTURE: Camera Position: 34.40561 , -19.999977 ,15.0 
[14:58:46] [trace] FRACTURE: Camera Position: 34.44533 , -19.999977 ,15.0 
[14:58:46] [trace] FRACTURE: Camera Position: 34.483067 , -19.999977 ,15.0 
[14:58:46] [trace] FRACTURE: Camera Position: 34.518913 , -19.999977 ,15.0 
[14:58:46] [trace] FRACTURE: Camera Position: 34.55297 , -19.999977 ,15.0 
[14:58:46] [trace] FRACTURE: Camera Position: 34.585323 , -19.999977 ,15.0 
[14:58:46] [trace] FRACTURE: Camera Position: 34.61606 , -19.999977 ,15.0 
[14:58:46] [trace] FRACTURE: Camera Position: 34.645256 , -19.999977 ,15.0 
[14:58:46] [trace] FRACTURE: Camera Position: 34.672997 , -19.999977 ,15.0 
[14:58:46] [trace] FRACTURE: Camera Position: 34.694347 , -19.999977 ,15.0 
[14:58:46] [trace] FRACTURE: Camera Position: 34.70963 , -19.999977 ,15.0 
[14:58:46] [trace] FRACTURE: Camera Position: 34.71915 , -19.999977 ,15.0 
[14:58:46] [trace] FRACTURE: Camera Position: 34.723194 , -19.999977 ,15.0 
[14:58:46] [trace] FRACTURE: Camera Position: 34.722034 , -19.999977 ,15.0 
[14:58:46] [trace] FRACTURE: Camera Position: 34.715935 , -19.999977 ,15.0 
[14:58:47] [trace] FRACTURE: Camera Position: 34.70514 , -19.999977 ,15.0 
[14:58:47] [trace] FRACTURE: Camera Position: 34.689884 , -19.999977 ,15.0 
[14:58:47] [trace] FRACTURE: Camera Position: 34.670395 , -19.999977 ,15.0 
[14:58:47] [trace] FRACTURE: Camera Position: 34.646877 , -19.999977 ,15.0 
[14:58:47] [trace] FRACTURE: Camera Position: 34.619534 , -19.999977 ,15.0 
[14:58:47] [trace] FRACTURE: Camera Position: 34.58856 , -19.999977 ,15.0 
[14:58:47] [trace] FRACTURE: Camera Position: 34.554134 , -19.999977 ,15.0 
[14:58:47] [trace] FRACTURE: Camera Position: 34.51643 , -19.999977 ,15.0 
[14:58:47] [trace] FRACTURE: Camera Position: 34.47561 , -19.999977 ,15.0 
[14:58:47] [trace] FRACTURE: Camera Position: 34.43183 , -19.999977 ,15.0 
[14:58:47] [trace] FRACTURE: Camera Position: 34.385242 , -19.999977 ,15.0 
[14:58:47] [trace] FRACTURE: Camera Position: 34.335983 , -19.999977 ,15.0 
[14:58:47] [trace] FRACTURE: Camera Position: 34.284187 , -19.999977 ,15.0 
[14:58:47] [trace] FRACTURE: Camera Position: 34.22998 , -19.999977 ,15.0 
[14:58:47] [trace] FRACTURE: Camera Position: 34.173485 , -19.999977 ,15.0 
[14:58:47] [trace] FRACTURE: Camera Position: 34.11481 , -19.999977 ,15.0 
[14:58:47] [trace] FRACTURE: Camera Position: 34.054073 , -19.999977 ,15.0 
[14:58:47] [trace] FRACTURE: Camera Position: 33.99137 , -19.999977 ,15.0 
[14:58:47] [trace] FRACTURE: Camera Position: 33.926804 , -19.999977 ,15.0 
[14:58:47] [trace] FRACTURE: Camera Position: 33.860466 , -19.999977 ,15.0 
[14:58:47] [trace] FRACTURE: Camera Position: 33.792446 , -19.999977 ,15.0 
[14:58:47] [trace] FRACTURE: Camera Position: 33.722828 , -19.999977 ,15.0 
[14:58:47] [trace] FRACTURE: Camera Position: 33.65169 , -19.999977 ,15.0 
[14:58:47] [trace] FRACTURE: Camera Position: 33.57911 , -19.999977 ,15.0 
[14:58:47] [trace] FRACTURE: Camera Position: 33.505157 , -19.999977 ,15.0 
[14:58:47] [trace] FRACTURE: Camera Position: 33.4299 , -19.999977 ,15.0 
[14:58:47] [trace] FRACTURE: Camera Position: 33.35341 , -19.999977 ,15.0 
[14:58:47] [trace] FRACTURE: Camera Position: 33.27574 , -19.994978 ,15.0 
[14:58:47] [trace] FRACTURE: Camera Position: 33.196957 , -19.98523 ,15.0 
[14:58:47] [trace] FRACTURE: Camera Position: 33.11711 , -19.970968 ,15.0 
[14:58:47] [trace] FRACTURE: Camera Position: 33.03626 , -19.95242 ,15.0 
[14:58:47] [trace] FRACTURE: Camera Position: 32.95445 , -19.929798 ,15.0 
[14:58:47] [trace] FRACTURE: Camera Position: 32.87173 , -19.903307 ,15.0 
[14:58:47] [trace] FRACTURE: Camera Position: 32.788147 , -19.873142 ,15.0 
[14:58:47] [trace] FRACTURE: Camera Position: 32.703743 , -19.839483 ,15.0 
[14:58:47] [trace] FRACTURE: Camera Position: 32.61856 , -19.80251 ,15.0 
[14:58:47] [trace] FRACTURE: Camera Position: 32.53264 , -19.762384 ,15.0 
[14:58:47] [trace] FRACTURE: Camera Position: 32.44601 , -19.719265 ,15.0 
[14:58:47] [trace] FRACTURE: Camera Position: 32.358715 , -19.673302 ,15.0 
[14:58:47] [trace] FRACTURE: Camera Position: 32.270782 , -19.624636 ,15.0 
[14:58:47] [trace] FRACTURE: Camera Position: 32.182247 , -19.573404 ,15.0 
[14:58:47] [trace] FRACTURE: Camera Position: 32.093136 , -19.519733 ,15.0 
[14:58:47] [trace] FRACTURE: Camera Position: 32.003483 , -19.463747 ,15.0 
[14:58:47] [trace] FRACTURE: Camera Position: 31.913313 , -19.405558 ,15.0 
[14:58:47] [trace] FRACTURE: Camera Position: 31.822649 , -19.34528 ,15.0 
[14:58:47] [trace] FRACTURE: Camera Position: 31.73152 , -19.283016 ,15.0 
[14:58:47] [trace] FRACTURE: Camera Position: 31.639946 , -19.218864 ,15.0 
[14:58:47] [trace] FRACTURE: Camera Position: 31.547953 , -19.152922 ,15.0 
[14:58:47] [trace] FRACTURE: Camera Position: 31.455559 , -19.085276 ,15.0 
[14:58:47] [trace] FRACTURE: Camera Position: 31.362783 , -19.016012 ,15.0 
[14:58:47] [trace] FRACTURE: Camera Position: 31.269648 , -18.945211 ,15.0 
[14:58:47] [trace] FRACTURE: Camera Position: 31.176168 , -18.872952 ,15.0 
[14:58:47] [trace] FRACTURE: Camera Position: 31.082363 , -18.799305 ,15.0 
[14:58:47] [trace] FRACTURE: Camera Position: 30.988247 , -18.724339 ,15.0 
[14:58:47] [trace] FRACTURE: Camera Position: 30.893839 , -18.648123 ,15.0 
[14:58:47] [trace] FRACTURE: Camera Position: 30.799149 , -18.570717 ,15.0 
[14:58:47] [trace] FRACTURE: Camera Position: 30.704195 , -18.492182 ,15.0 
[14:58:47] [trace] FRACTURE: Camera Position: 30.60899 , -18.41257 ,15.0 
[14:58:47] [trace] FRACTURE: Camera Position: 30.513544 , -18.331942 ,15.0 
[14:58:47] [trace] FRACTURE: Camera Position: 30.417871 , -18.250343 ,15.0 
[14:58:47] [trace] FRACTURE: Camera Position: 30.321981 , -18.167826 ,15.0 
[14:58:47] [trace] FRACTURE: Camera Position: 30.225885 , -18.084435 ,15.0 
[14:58:47] [trace] FRACTURE: Camera Position: 30.129593 , -18.000212 ,15.0 
[14:58:47] [trace] FRACTURE: Camera Position: 30.033117 , -17.915201 ,15.0 
[14:58:47] [trace] FRACTURE: Camera Position: 29.936464 , -17.829441 ,15.0 
[14:58:47] [trace] FRACTURE: Camera Position: 29.839643 , -17.74297 ,15.0 
[14:58:47] [trace] FRACTURE: Camera Position: 29.742664 , -17.65582 ,15.0 
[14:58:47] [trace] FRACTURE: Camera Position: 29.645535 , -17.56803 ,15.0 
[14:58:47] [trace] FRACTURE: Camera Position: 29.548262 , -17.47963 ,15.0 
[14:58:47] [trace] FRACTURE: Camera Position: 29.450851 , -17.390648 ,15.0 
[14:58:47] [trace] FRACTURE: Camera Position: 29.353312 , -17.301115 ,15.0 
[14:58:47] [trace] FRACTURE: Camera Position: 29.255648 , -17.21106 ,15.0 
[14:58:47] [trace] FRACTURE: Camera Position: 29.15787 , -17.120506 ,15.0 
[14:58:47] [trace] FRACTURE: Camera Position: 29.059978 , -17.02948 ,15.0 
[14:58:47] [trace] FRACTURE: Camera Position: 28.961983 , -16.938005 ,15.0 
[14:58:47] [trace] FRACTURE: Camera Position: 28.863886 , -16.846104 ,15.0 
[14:58:47] [trace] FRACTURE: Camera Position: 28.765694 , -16.753798 ,15.0 
[14:58:47] [trace] FRACTURE: Camera Position: 28.667412 , -16.661108 ,15.0 
[14:58:47] [trace] FRACTURE: Camera Position: 28.569044 , -16.568052 ,15.0 
[14:58:47] [trace] FRACTURE: Camera Position: 28.470594 , -16.47465 ,15.0 
[14:58:47] [trace] FRACTURE: Camera Position: 28.372066 , -16.380917 ,15.0 
[14:58:47] [trace] FRACTURE: Camera Position: 28.273466 , -16.286871 ,15.0 
[14:58:47] [trace] FRACTURE: Camera Position: 28.174795 , -16.192528 ,15.0 
[14:58:47] [trace] FRACTURE: Camera Position: 28.076057 , -16.0979 ,15.0 
[14:58:47] [trace] FRACTURE: Camera Position: 27.977257 , -16.003006 ,15.0 
[14:58:47] [trace] FRACTURE: Camera Position: 27.878397 , -15.907855 ,15.0 
[14:58:47] [trace] FRACTURE: Camera Position: 27.77948 , -15.812462 ,15.0 
[14:58:47] [trace] FRACTURE: Camera Position: 27.680508 , -15.716838 ,15.0 
[14:58:47] [trace] FRACTURE: Camera Position: 27.581486 , -15.620996 ,15.0 
[14:58:47] [trace] FRACTURE: Camera Position: 27.482414 , -15.524947 ,15.0 
[14:58:47] [trace] FRACTURE: Camera Position: 27.383297 , -15.4286995 ,15.0 
[14:58:47] [trace] FRACTURE: Camera Position: 27.284134 , -15.332265 ,15.0 
[14:58:47] [trace] FRACTURE: Camera Position: 27.18493 , -15.235652 ,15.0 
[14:58:47] [trace] FRACTURE: Camera Position: 27.085686 , -15.138869 ,15.0 
[14:58:47] [trace] FRACTURE: Camera Position: 26.986404 , -15.041925 ,15.0 
[14:58:47] [trace] FRACTURE: Camera Position: 26.887085 , -14.944829 ,15.0 
[14:58:47] [trace] FRACTURE: Camera Position: 26.787733 , -14.847588 ,15.0 
[14:58:47] [trace] FRACTURE: Camera Position: 26.688349 , -14.750209 ,15.0 
[14:58:47] [trace] FRACTURE: Camera Position: 26.588934 , -14.6526985 ,15.0 
[14:58:47] [trace] FRACTURE: Camera Position: 26.48949 , -14.555063 ,15.0 
[14:58:48] [trace] FRACTURE: Camera Position: 26.390018 , -14.45731 ,15.0 
[14:58:48] [trace] FRACTURE: Camera Position: 26.29052 , -14.359444 ,15.0 
[14:58:48] [trace] FRACTURE: Camera Position: 26.190996 , -14.261471 ,15.0 
[14:58:48] [trace] FRACTURE: Camera Position: 26.09145 , -14.163397 ,15.0 
[14:58:48] [trace] FRACTURE: Camera Position: 25.991879 , -14.0652275 ,15.0 
[14:58:48] [trace] FRACTURE: Camera Position: 25.892286 , -13.966967 ,15.0 
[14:58:48] [trace] FRACTURE: Camera Position: 25.792675 , -13.868619 ,15.0 
[14:58:48] [trace] FRACTURE: Camera Position: 25.693043 , -13.770188 ,15.0 
[14:58:48] [trace] FRACTURE: Camera Position: 25.593393 , -13.671679 ,15.0 
[14:58:48] [trace] FRACTURE: Camera Position: 25.493725 , -13.573094 ,15.0 
[14:58:48] [trace] FRACTURE: Camera Position: 25.394041 , -13.47444 ,15.0 
[14:58:48] [trace] FRACTURE: Camera Position: 25.29434 , -13.375717 ,15.0 
[14:58:48] [trace] FRACTURE: Camera Position: 25.194626 , -13.276931 ,15.0 
[14:58:48] [trace] FRACTURE: Camera Position: 25.094896 , -13.178084 ,15.0 
[14:58:48] [trace] FRACTURE: Camera Position: 24.995153 , -13.079181 ,15.0 
[14:58:48] [trace] FRACTURE: Camera Position: 24.895397 , -12.980222 ,15.0 
[14:58:48] [trace] FRACTURE: Camera Position: 24.79563 , -12.88121 ,15.0 
[14:58:48] [trace] FRACTURE: Camera Position: 24.69585 , -12.782149 ,15.0 
[14:58:48] [trace] FRACTURE: Camera Position: 24.59606 , -12.683042 ,15.0 
[14:58:48] [trace] FRACTURE: Camera Position: 24.49626 , -12.583889 ,15.0 
[14:58:48] [trace] FRACTURE: Camera Position: 24.396448 , -12.4846945 ,15.0 
[14:58:48] [trace] FRACTURE: Camera Position: 24.296629 , -12.385459 ,15.0 
[14:58:48] [trace] FRACTURE: Camera Position: 24.196798 , -12.286185 ,15.0 
[14:58:48] [trace] FRACTURE: Camera Position: 24.09696 , -12.186876 ,15.0 
[14:58:48] [trace] FRACTURE: Camera Position: 23.997112 , -12.087533 ,15.0 
[14:58:48] [trace] FRACTURE: Camera Position: 23.897259 , -11.988156 ,15.0 
[14:58:48] [trace] FRACTURE: Camera Position: 23.797398 , -11.888748 ,15.0 
[14:58:48] [trace] FRACTURE: Camera Position: 23.697529 , -11.78931 ,15.0 
[14:58:48] [trace] FRACTURE: Camera Position: 23.597654 , -11.689844 ,15.0 
[14:58:48] [trace] FRACTURE: Camera Position: 23.497774 , -11.590351 ,15.0 
[14:58:48] [trace] FRACTURE: Camera Position: 23.397888 , -11.490833 ,15.0 
[14:58:48] [trace] FRACTURE: Camera Position: 23.297995 , -11.391291 ,15.0 
[14:58:48] [trace] FRACTURE: Camera Position: 23.198097 , -11.291725 ,15.0 
[14:58:48] [trace] FRACTURE: Camera Position: 23.098194 , -11.192139 ,15.0 
[14:58:48] [trace] FRACTURE: Camera Position: 22.998287 , -11.092531 ,15.0 
[14:58:48] [trace] FRACTURE: Camera Position: 22.898375 , -10.992905 ,15.0 
[14:58:48] [trace] FRACTURE: Camera Position: 22.798458 , -10.893259 ,15.0 
[14:58:48] [trace] FRACTURE: Camera Position: 22.698538 , -10.793595 ,15.0 
[14:58:48] [trace] FRACTURE: Camera Position: 22.598612 , -10.693915 ,15.0 
[14:58:48] [trace] FRACTURE: Camera Position: 22.498684 , -10.594219 ,15.0 
[14:58:48] [trace] FRACTURE: Camera Position: 22.39875 , -10.494508 ,15.0 
[14:58:48] [trace] FRACTURE: Camera Position: 22.298815 , -10.394781 ,15.0 
[14:58:48] [trace] FRACTURE: Camera Position: 22.198875 , -10.295041 ,15.0 
[14:58:48] [trace] FRACTURE: Camera Position: 22.098934 , -10.195289 ,15.0 
[14:58:48] [trace] FRACTURE: Camera Position: 21.99899 , -10.095524 ,15.0 
[14:58:48] [trace] FRACTURE: Camera Position: 21.899042 , -9.995748 ,15.0 
[14:58:48] [trace] FRACTURE: Camera Position: 21.799093 , -9.89596 ,15.0 
[14:58:48] [trace] FRACTURE: Camera Position: 21.69914 , -9.796162 ,15.0 
[14:58:48] [trace] FRACTURE: Camera Position: 21.599186 , -9.696353 ,15.0 
[14:58:48] [trace] FRACTURE: Camera Position: 21.499228 , -9.596535 ,15.0 
[14:58:48] [trace] FRACTURE: Camera Position: 21.39927 , -9.496707 ,15.0 
[14:58:48] [trace] FRACTURE: Camera Position: 21.299307 , -9.396871 ,15.0 
[14:58:48] [trace] FRACTURE: Camera Position: 21.199343 , -9.297026 ,15.0 
[14:58:48] [trace] FRACTURE: Camera Position: 21.099377 , -9.197174 ,15.0 
[14:58:48] [trace] FRACTURE: Camera Position: 20.999409 , -9.097315 ,15.0 
[14:58:48] [trace] FRACTURE: Camera Position: 20.899439 , -8.997449 ,15.0 
[14:58:48] [trace] FRACTURE: Camera Position: 20.799469 , -8.897575 ,15.0 
[14:58:48] [trace] FRACTURE: Camera Position: 20.699497 , -8.797696 ,15.0 
[14:58:48] [trace] FRACTURE: Camera Position: 20.599524 , -8.69781 ,15.0 
[14:58:48] [trace] FRACTURE: Camera Position: 20.49955 , -8.5979185 ,15.0 
[14:58:48] [trace] FRACTURE: Camera Position: 20.399572 , -8.498021 ,15.0 
[14:58:48] [trace] FRACTURE: Camera Position: 20.299595 , -8.398119 ,15.0 
[14:58:48] [trace] FRACTURE: Camera Position: 20.199615 , -8.298212 ,15.0 
[14:58:48] [trace] FRACTURE: Camera Position: 20.099636 , -8.1983 ,15.0 
[14:58:48] [trace] FRACTURE: Camera Position: 19.999655 , -8.098385 ,15.0 
[14:58:48] [trace] FRACTURE: Camera Position: 19.899673 , -7.998465 ,15.0 
[14:58:48] [trace] FRACTURE: Camera Position: 19.799692 , -7.898541 ,15.0 
[14:58:48] [trace] FRACTURE: Camera Position: 19.699709 , -7.798613 ,15.0 
[14:58:48] [trace] FRACTURE: Camera Position: 19.599726 , -7.6986814 ,15.0 
[14:58:48] [trace] FRACTURE: Camera Position: 19.49974 , -7.5987463 ,15.0 
[14:58:48] [trace] FRACTURE: Camera Position: 19.399755 , -7.4988084 ,15.0 
[14:58:48] [trace] FRACTURE: Camera Position: 19.299768 , -7.398867 ,15.0 
[14:58:48] [trace] FRACTURE: Camera Position: 19.199781 , -7.2989225 ,15.0 
[14:58:48] [trace] FRACTURE: Camera Position: 19.099792 , -7.198975 ,15.0 
[14:58:48] [trace] FRACTURE: Camera Position: 18.999804 , -7.0990252 ,15.0 
[14:58:48] [trace] FRACTURE: Camera Position: 18.899813 , -6.999073 ,15.0 
[14:58:48] [trace] FRACTURE: Camera Position: 18.799824 , -6.8991184 ,15.0 
[14:58:48] [trace] FRACTURE: Camera Position: 18.699835 , -6.7991614 ,15.0 
[14:58:48] [trace] FRACTURE: Camera Position: 18.599844 , -6.699202 ,15.0 
[14:58:48] [trace] FRACTURE: Camera Position: 18.499853 , -6.599241 ,15.0 
[14:58:48] [trace] FRACTURE: Camera Position: 18.39986 , -6.4992776 ,15.0 
[14:58:48] [trace] FRACTURE: Camera Position: 18.29987 , -6.3993125 ,15.0 
[14:58:48] [trace] FRACTURE: Camera Position: 18.199877 , -6.2993455 ,15.0 
[14:58:48] [trace] FRACTURE: Camera Position: 18.099884 , -6.199377 ,15.0 
[14:58:48] [trace] FRACTURE: Camera Position: 17.99989 , -6.0994067 ,15.0 
[14:58:48] [trace] FRACTURE: Camera Position: 17.899897 , -5.9994354 ,15.0 
[14:58:48] [trace] FRACTURE: Camera Position: 17.799904 , -5.899462 ,15.0 
[14:58:48] [trace] FRACTURE: Camera Position: 17.69991 , -5.7994876 ,15.0 
[14:58:48] [trace] FRACTURE: Camera Position: 17.599915 , -5.699512 ,15.0 
[14:58:48] [trace] FRACTURE: Camera Position: 17.49992 , -5.599535 ,15.0 
[14:58:48] [trace] FRACTURE: Camera Position: 17.399925 , -5.499557 ,15.0 
[14:58:48] [trace] FRACTURE: Camera Position: 17.299929 , -5.399578 ,15.0 
[14:58:48] [trace] FRACTURE: Camera Position: 17.199934 , -5.2995977 ,15.0 
[14:58:48] [trace] FRACTURE: Camera Position: 17.099937 , -5.1996164 ,15.0 
[14:58:48] [trace] FRACTURE: Camera Position: 16.99994 , -5.099634 ,15.0 
[14:58:48] [trace] FRACTURE: Camera Position: 16.899944 , -4.999651 ,15.0 
[14:58:48] [trace] FRACTURE: Camera Position: 16.799948 , -4.899667 ,15.0 
[14:58:48] [trace] FRACTURE: Camera Position: 16.699951 , -4.799682 ,15.0 
[14:58:48] [trace] FRACTURE: Camera Position: 16.599955 , -4.6996965 ,15.0 
[14:58:48] [trace] FRACTURE: Camera Position: 16.499958 , -4.59971 ,15.0 
[14:58:49] [trace] FRACTURE: Camera Position: 16.399961 , -4.499723 ,15.0 
[14:58:49] [trace] FRACTURE: Camera Position: 16.299963 , -4.3997355 ,15.0 
[14:58:49] [trace] FRACTURE: Camera Position: 16.199965 , -4.299747 ,15.0 
[14:58:49] [trace] FRACTURE: Camera Position: 16.099966 , -4.199758 ,15.0 
[14:58:49] [trace] FRACTURE: Camera Position: 15.999969 , -4.0997686 ,15.0 
[14:58:49] [trace] FRACTURE: Camera Position: 15.899971 , -3.9997785 ,15.0 
[14:58:49] [trace] FRACTURE: Camera Position: 15.799973 , -3.899788 ,15.0 
[14:58:49] [trace] FRACTURE: Camera Position: 15.699974 , -3.7997968 ,15.0 
[14:58:49] [trace] FRACTURE: Camera Position: 15.599976 , -3.6998053 ,15.0 
[14:58:49] [trace] FRACTURE: Camera Position: 15.499977 , -3.5998132 ,15.0 
[14:58:49] [trace] FRACTURE: Camera Position: 15.399979 , -3.4998207 ,15.0 
[14:58:49] [trace] FRACTURE: Camera Position: 15.29998 , -3.399828 ,15.0 
[14:58:49] [trace] FRACTURE: Camera Position: 15.199982 , -3.2998347 ,15.0 
[14:58:49] [trace] FRACTURE: Camera Position: 15.099983 , -3.199841 ,15.0 
[14:58:49] [trace] FRACTURE: Camera Position: 14.999985 , -3.0998473 ,15.0 
[14:58:49] [trace] FRACTURE: Camera Position: 14.899986 , -2.9998531 ,15.0 
[14:58:49] [trace] FRACTURE: Camera Position: 14.799987 , -2.8998587 ,15.0 
[14:58:49] [trace] FRACTURE: Camera Position: 14.699987 , -2.7998638 ,15.0 
[14:58:49] [trace] FRACTURE: Camera Position: 14.599988 , -2.6998687 ,15.0 
[14:58:49] [trace] FRACTURE: Camera Position: 14.499989 , -2.5998733 ,15.0 
[14:58:49] [trace] FRACTURE: Camera Position: 14.399989 , -2.4998777 ,15.0 
[14:58:49] [trace] FRACTURE: Camera Position: 14.299991 , -2.399882 ,15.0 
[14:58:49] [trace] FRACTURE: Camera Position: 14.199991 , -2.299886 ,15.0 
[14:58:49] [trace] FRACTURE: Camera Position: 14.099992 , -2.1998897 ,15.0 
[14:58:49] [trace] FRACTURE: Camera Position: 13.999992 , -2.0998933 ,15.0 
[14:58:49] [trace] FRACTURE: Camera Position: 13.899993 , -1.9998966 ,15.0 
[14:58:49] [trace] FRACTURE: Camera Position: 13.7999935 , -1.8998997 ,15.0 
[14:58:49] [trace] FRACTURE: Camera Position: 13.699994 , -1.7999027 ,15.0 
[14:58:49] [trace] FRACTURE: Camera Position: 13.599995 , -1.6999055 ,15.0 
[14:58:49] [trace] FRACTURE: Camera Position: 13.499994 , -1.5999082 ,15.0 
[14:58:49] [trace] FRACTURE: Camera Position: 13.399994 , -1.5049108 ,15.0 
[14:58:49] [trace] FRACTURE: Camera Position: 13.299994 , -1.4146632 ,15.0 
[14:58:49] [trace] FRACTURE: Camera Position: 13.199995 , -1.328928 ,15.0 
[14:58:49] [trace] FRACTURE: Camera Position: 13.104996 , -1.2474796 ,15.0 
[14:58:49] [trace] FRACTURE: Camera Position: 13.014747 , -1.1701035 ,15.0 
[14:58:49] [trace] FRACTURE: Camera Position: 12.929009 , -1.0965964 ,15.0 
[14:58:49] [trace] FRACTURE: Camera Position: 12.847559 , -1.0267645 ,15.0 
[14:58:49] [trace] FRACTURE: Camera Position: 12.770182 , -0.9604242 ,15.0 
[14:58:49] [trace] FRACTURE: Camera Position: 12.696673 , -0.8974009 ,15.0 
[14:58:49] [trace] FRACTURE: Camera Position: 12.62684 , -0.83752877 ,15.0 
[14:58:49] [trace] FRACTURE: Camera Position: 12.560498 , -0.78065026 ,15.0 
[14:58:49] [trace] FRACTURE: Camera Position: 12.497474 , -0.72661567 ,15.0 
[14:58:49] [trace] FRACTURE: Camera Position: 12.4376 , -0.6752828 ,15.0 
[14:58:49] [trace] FRACTURE: Camera Position: 12.38072 , -0.6265166 ,15.0 
[14:58:49] [trace] FRACTURE: Camera Position: 12.326685 , -0.5801887 ,15.0 
[14:58:49] [trace] FRACTURE: Camera Position: 12.275352 , -0.53617716 ,15.0 
[14:58:49] [trace] FRACTURE: Camera Position: 12.226584 , -0.49436623 ,15.0 
[14:58:49] [trace] FRACTURE: Camera Position: 12.180256 , -0.45464584 ,15.0 
[14:58:49] [trace] FRACTURE: Camera Position: 12.136244 , -0.41691148 ,15.0 
[14:58:49] [trace] FRACTURE: Camera Position: 12.094432 , -0.38106382 ,15.0 
[14:58:49] [trace] FRACTURE: Camera Position: 12.05471 , -0.34700856 ,15.0 
[14:58:49] [trace] FRACTURE: Camera Position: 12.016975 , -0.31465605 ,15.0 
[14:58:49] [trace] FRACTURE: Camera Position: 11.981127 , -0.28392118 ,15.0 
[14:58:49] [trace] FRACTURE: Camera Position: 11.947071 , -0.25472304 ,15.0 
[14:58:49] [trace] FRACTURE: Camera Position: 11.914718 , -0.22698483 ,15.0 
[14:58:49] [trace] FRACTURE: Camera Position: 11.883983 , -0.20063353 ,15.0 
[14:58:49] [trace] FRACTURE: Camera Position: 11.854784 , -0.17559978 ,15.0 
[14:58:49] [trace] FRACTURE: Camera Position: 11.827045 , -0.15181774 ,15.0 
[14:58:49] [trace] FRACTURE: Camera Position: 11.8006935 , -0.12922479 ,15.0 
[14:58:49] [trace] FRACTURE: Camera Position: 11.77566 , -0.107761495 ,15.0 
[14:58:49] [trace] FRACTURE: Camera Position: 11.751877 , -0.087371364 ,15.0 
[14:58:49] [trace] FRACTURE: Camera Position: 11.729283 , -0.06800074 ,15.0 
[14:58:49] [trace] FRACTURE: Camera Position: 11.70782 , -0.04959865 ,15.0 
[14:58:49] [trace] FRACTURE: Camera Position: 11.687429 , -0.03211666 ,15.0 
[14:58:49] [trace] FRACTURE: Camera Position: 11.668058 , -0.015508767 ,15.0 
[14:58:49] [trace] FRACTURE: Camera Position: 11.649656 , 0.00026873033 ,15.0 
[14:58:49] [trace] FRACTURE: Camera Position: 11.632174 , 0.015257353 ,15.0 
[14:58:49] [trace] FRACTURE: Camera Position: 11.615565 , 0.029496543 ,15.0 
[14:58:49] [trace] FRACTURE: Camera Position: 11.599788 , 0.043023773 ,15.0 
[14:58:49] [trace] FRACTURE: Camera Position: 11.584799 , 0.055874646 ,15.0 
[14:58:49] [trace] FRACTURE: Camera Position: 11.5705595 , 0.06808297 ,15.0 
[14:58:49] [trace] FRACTURE: Camera Position: 11.557032 , 0.07968088 ,15.0 
[14:58:49] [trace] FRACTURE: Camera Position: 11.544181 , 0.0906989 ,15.0 
[14:58:49] [trace] FRACTURE: Camera Position: 11.531972 , 0.10116601 ,15.0 
[14:58:49] [trace] FRACTURE: Camera Position: 11.520373 , 0.11110976 ,15.0 
[14:58:49] [trace] FRACTURE: Camera Position: 11.509356 , 0.12055633 ,15.0 
[14:58:49] [trace] FRACTURE: Camera Position: 11.498888 , 0.12953058 ,15.0 
[14:58:49] [trace] FRACTURE: Camera Position: 11.488944 , 0.13305609 ,15.0 
[14:58:49] [trace] FRACTURE: Camera Position: 11.479497 , 0.13140531 ,15.0 
[14:58:49] [trace] FRACTURE: Camera Position: 11.470523 , 0.12483705 ,15.0 
[14:58:49] [trace] FRACTURE: Camera Position: 11.461997 , 0.113597184 ,15.0 
[14:58:49] [trace] FRACTURE: Camera Position: 11.453897 , 0.097919285 ,15.0 
[14:58:49] [trace] FRACTURE: Camera Position: 11.446203 , 0.07802527 ,15.0 
[14:58:49] [trace] FRACTURE: Camera Position: 11.438893 , 0.054125927 ,15.0 
[14:58:49] [trace] FRACTURE: Camera Position: 11.431949 , 0.02642154 ,15.0 
[14:58:49] [trace] FRACTURE: Camera Position: 11.425352 , -0.0048976485 ,15.0 
[14:58:49] [trace] FRACTURE: Camera Position: 11.419085 , -0.039650895 ,15.0 
[14:58:49] [trace] FRACTURE: Camera Position: 11.413131 , -0.0776665 ,15.0 
[14:58:49] [trace] FRACTURE: Camera Position: 11.4074745 , -0.11878134 ,15.0 
[14:58:49] [trace] FRACTURE: Camera Position: 11.4021015 , -0.16284046 ,15.0 
[14:58:49] [trace] FRACTURE: Camera Position: 11.3969965 , -0.20969664 ,15.0 
[14:58:49] [trace] FRACTURE: Camera Position: 11.392147 , -0.25921002 ,15.0 
[14:58:49] [trace] FRACTURE: Camera Position: 11.38754 , -0.31124777 ,15.0 
[14:58:49] [trace] FRACTURE: Camera Position: 11.383163 , -0.36568365 ,15.0 
[14:58:49] [trace] FRACTURE: Camera Position: 11.379005 , -0.42239776 ,15.0 
[14:58:49] [trace] FRACTURE: Camera Position: 11.375055 , -0.48127615 ,15.0 
[14:58:49] [trace] FRACTURE: Camera Position: 11.371303 , -0.54221064 ,15.0 
[14:58:49] [trace] FRACTURE: Camera Position: 11.367738 , -0.6050985 ,15.0 
[14:58:49] [trace] FRACTURE: Camera Position: 11.364351 , -0.6698419 ,15.0 
[14:58:49] [trace] FRACTURE: Camera Position: 11.361135 , -0.73634815 ,15.0 
[14:58:50] [trace] FRACTURE: Camera Position: 11.358078 , -0.80452913 ,15.0 
[14:58:50] [trace] FRACTURE: Camera Position: 11.355174 , -0.8693011 ,15.0 
[14:58:50] [trace] FRACTURE: Camera Position: 11.352416 , -0.9308344 ,15.0 
[14:58:50] [trace] FRACTURE: Camera Position: 11.349795 , -0.9892911 ,15.0 
[14:58:50] [trace] FRACTURE: Camera Position: 11.347306 , -1.0448248 ,15.0 
[14:58:50] [trace] FRACTURE: Camera Position: 11.344941 , -1.097582 ,15.0 
[14:58:50] [trace] FRACTURE: Camera Position: 11.342694 , -1.1477013 ,15.0 
[14:58:50] [trace] FRACTURE: Camera Position: 11.34056 , -1.1953145 ,15.0 
[14:58:50] [trace] FRACTURE: Camera Position: 11.338532 , -1.2405472 ,15.0 
[14:58:50] [trace] FRACTURE: Camera Position: 11.336606 , -1.2835182 ,15.0 
[14:58:50] [trace] FRACTURE: Camera Position: 11.334776 , -1.3243406 ,15.0 
[14:58:50] [trace] FRACTURE: Camera Position: 11.333037 , -1.3631219 ,15.0 
[14:58:50] [trace] FRACTURE: Camera Position: 11.331386 , -1.3999641 ,15.0 
[14:58:50] [trace] FRACTURE: Camera Position: 11.329817 , -1.4349642 ,15.0 
[14:58:50] [trace] FRACTURE: Camera Position: 11.328326 , -1.4682143 ,15.0 
[14:58:50] [trace] FRACTURE: Camera Position: 11.32691 , -1.4998019 ,15.0 
[14:58:50] [trace] FRACTURE: Camera Position: 11.325565 , -1.5298101 ,15.0 
[14:58:50] [trace] FRACTURE: Camera Position: 11.324287 , -1.5583179 ,15.0 
[14:58:50] [trace] FRACTURE: Camera Position: 11.323073 , -1.5854003 ,15.0 
[14:58:50] [trace] FRACTURE: Camera Position: 11.32192 , -1.6111287 ,15.0 
[14:58:50] [trace] FRACTURE: Camera Position: 11.320825 , -1.6355705 ,15.0 
[14:58:50] [trace] FRACTURE: Camera Position: 11.319784 , -1.6587903 ,15.0 
[14:58:50] [trace] FRACTURE: Camera Position: 11.318795 , -1.6808492 ,15.0 
[14:58:50] [trace] FRACTURE: Camera Position: 11.317856 , -1.7018051 ,15.0 
[14:58:50] [trace] FRACTURE: Camera Position: 11.316963 , -1.7217132 ,15.0 
[14:58:50] [trace] FRACTURE: Camera Position: 11.316115 , -1.7406259 ,15.0 
[14:58:50] [trace] FRACTURE: Camera Position: 11.3153105 , -1.7585928 ,15.0 
[14:58:50] [trace] FRACTURE: Camera Position: 11.314546 , -1.7756616 ,15.0 
[14:58:50] [trace] FRACTURE: Camera Position: 11.313819 , -1.7918768 ,15.0 
[14:58:50] [trace] FRACTURE: Camera Position: 11.313128 , -1.8072813 ,15.0 
[14:58:50] [trace] FRACTURE: Camera Position: 11.312472 , -1.8219155 ,15.0 
[14:58:50] [trace] FRACTURE: Camera Position: 11.31185 , -1.835818 ,15.0 
[14:58:50] [trace] FRACTURE: Camera Position: 11.311257 , -1.8490255 ,15.0 
[14:58:50] [trace] FRACTURE: Camera Position: 11.310695 , -1.8615725 ,15.0 
[14:58:50] [trace] FRACTURE: Camera Position: 11.310161 , -1.8734922 ,15.0 
[14:58:50] [trace] FRACTURE: Camera Position: 11.309653 , -1.8848159 ,15.0 
[14:58:50] [trace] FRACTURE: Camera Position: 11.309171 , -1.8955735 ,15.0 
[14:58:50] [trace] FRACTURE: Camera Position: 11.308713 , -1.9057932 ,15.0 
[14:58:50] [trace] FRACTURE: Camera Position: 11.308278 , -1.9155018 ,15.0 
[14:58:50] [trace] FRACTURE: Camera Position: 11.307864 , -1.924725 ,15.0 
[14:58:50] [trace] FRACTURE: Camera Position: 11.307471 , -1.9334872 ,15.0 
[14:58:50] [trace] FRACTURE: Camera Position: 11.307098 , -1.9418112 ,15.0 
[14:58:50] [trace] FRACTURE: Camera Position: 11.306744 , -1.949719 ,15.0 
[14:58:50] [trace] FRACTURE: Camera Position: 11.306407 , -1.9572313 ,15.0 
[14:58:50] [trace] FRACTURE: Camera Position: 11.3060875 , -1.9643681 ,15.0 
[14:58:50] [trace] FRACTURE: Camera Position: 11.305783 , -1.971148 ,15.0 
[14:58:50] [trace] FRACTURE: Camera Position: 11.305494 , -1.9775889 ,15.0 
[14:58:50] [trace] FRACTURE: Camera Position: 11.30522 , -1.9837078 ,15.0 
