[00:28:33] [info] FRACTURE: OpenGL loaded
[00:28:33] [info] FRACTURE: Vendor: ATI Technologies Inc.
[00:28:33] [info] FRACTURE: Renderer: Radeon RX 590 Series
[00:28:33] [info] FRACTURE: Version: 4.0.14736 Core Profile Context 20.9.2 27.20.12031.1000
[00:28:33] [trace] FRACTURE: Loaded model: samus
[00:28:34] [trace] FRACTURE: Loaded model: cube
[00:28:34] [trace] FRACTURE: Loaded Texture: container
[00:28:34] [trace] FRACTURE: Loaded Texture: specular
[00:28:34] [trace] FRACTURE: Loaded Shader: default
[00:28:34] [trace] FRACTURE: Loaded Material: default
[00:28:34] [trace] FRACTURE: Loaded Material: samus
[00:28:34] [trace] FRACTURE: Loaded Shader: DebugShader
[00:28:34] [trace] FRACTURE: Loaded Material: DebugMaterial
[00:28:34] [trace] FRACTURE: Loaded Texture: TranslateIcon
[00:28:34] [trace] FRACTURE: Loaded Texture: ScaleIcon
[00:28:34] [trace] FRACTURE: Loaded Texture: RotateIcon
[00:28:34] [trace] FRACTURE: Loaded Texture: GameObjectIcon
[00:28:34] [trace] FRACTURE: Loaded Texture: CameraIcon
[00:28:34] [trace] FRACTURE: Loaded Texture: LightIcon
[00:28:34] [trace] FRACTURE: Loaded Texture: EyeIcon
[00:28:34] [trace] FRACTURE: Loaded Texture: EyeIconC
[00:28:34] [info] FRACTURE: Renderer Init
[00:28:34] [info] FRACTURE: Mouse : -213.5 , -918.0
[00:28:34] [info] FRACTURE: Viewport : 1359.0 , 830.0
[00:28:34] [info] FRACTURE: No Hit 
[00:28:34] [info] FRACTURE: Mouse : -213.5 , -918.0
[00:28:34] [info] FRACTURE: Viewport : 1359.0 , 830.0
[00:28:34] [info] FRACTURE: No Hit 
[00:28:34] [info] FRACTURE: Mouse : -213.5 , -918.0
[00:28:34] [info] FRACTURE: Viewport : 1359.0 , 830.0
[00:28:34] [info] FRACTURE: No Hit 
[00:28:34] [info] FRACTURE: Mouse : -213.5 , -918.0
[00:28:34] [info] FRACTURE: Viewport : 1359.0 , 830.0
[00:28:34] [info] FRACTURE: No Hit 
[00:28:34] [info] FRACTURE: Mouse : -213.5 , -918.0
[00:28:34] [info] FRACTURE: Viewport : 1359.0 , 830.0
[00:28:34] [info] FRACTURE: No Hit 
[00:28:34] [info] FRACTURE: Mouse : -213.5 , -918.0
[00:28:34] [info] FRACTURE: Viewport : 1359.0 , 830.0
[00:28:34] [info] FRACTURE: No Hit 
[00:28:34] [info] FRACTURE: Mouse : -213.5 , -918.0
[00:28:34] [info] FRACTURE: Viewport : 1359.0 , 830.0
[00:28:34] [info] FRACTURE: No Hit 
[00:28:34] [info] FRACTURE: Mouse : -213.5 , -918.0
[00:28:34] [info] FRACTURE: Viewport : 1359.0 , 830.0
[00:28:34] [info] FRACTURE: No Hit 
[00:28:40] [info] FRACTURE: Mouse : -23.5 , -767.0
[00:28:40] [info] FRACTURE: Viewport : 1359.0 , 830.0
[00:28:40] [info] FRACTURE: No Hit 
[00:28:40] [info] FRACTURE: Mouse : -23.5 , -767.0
[00:28:40] [info] FRACTURE: Viewport : 1359.0 , 830.0
[00:28:40] [info] FRACTURE: No Hit 
[00:28:40] [info] FRACTURE: Mouse : -23.5 , -767.0
[00:28:40] [info] FRACTURE: Viewport : 1359.0 , 830.0
[00:28:40] [info] FRACTURE: No Hit 
[00:28:40] [info] FRACTURE: Mouse : -23.5 , -767.0
[00:28:40] [info] FRACTURE: Viewport : 1359.0 , 830.0
[00:28:40] [info] FRACTURE: No Hit 
[00:28:40] [info] FRACTURE: Mouse : -23.5 , -767.0
[00:28:40] [info] FRACTURE: Viewport : 1359.0 , 830.0
[00:28:40] [info] FRACTURE: No Hit 
[00:28:40] [info] FRACTURE: Mouse : -23.5 , -767.0
[00:28:40] [info] FRACTURE: Viewport : 1359.0 , 830.0
[00:28:40] [info] FRACTURE: No Hit 
[00:28:40] [info] FRACTURE: Mouse : -23.5 , -767.0
[00:28:40] [info] FRACTURE: Viewport : 1359.0 , 830.0
[00:28:40] [info] FRACTURE: No Hit 
[00:28:40] [info] FRACTURE: Mouse : -23.5 , -767.0
[00:28:40] [info] FRACTURE: Viewport : 1359.0 , 830.0
[00:28:40] [info] FRACTURE: No Hit 
[00:28:40] [info] FRACTURE: Mouse : -23.5 , -767.0
[00:28:40] [info] FRACTURE: Viewport : 1359.0 , 830.0
[00:28:40] [info] FRACTURE: No Hit 
[00:28:46] [info] FRACTURE: Mouse : -36.5 , -711.0
[00:28:46] [info] FRACTURE: Viewport : 1359.0 , 830.0
[00:28:46] [info] FRACTURE: No Hit 
[00:28:46] [info] FRACTURE: Mouse : -37.5 , -711.0
[00:28:46] [info] FRACTURE: Viewport : 1359.0 , 830.0
[00:28:46] [info] FRACTURE: No Hit 
[00:28:46] [info] FRACTURE: Mouse : -37.5 , -711.0
[00:28:46] [info] FRACTURE: Viewport : 1359.0 , 830.0
[00:28:46] [info] FRACTURE: No Hit 
[00:28:46] [info] FRACTURE: Mouse : -37.5 , -711.0
[00:28:46] [info] FRACTURE: Viewport : 1359.0 , 830.0
[00:28:46] [info] FRACTURE: No Hit 
[00:28:46] [info] FRACTURE: Mouse : -37.5 , -711.0
[00:28:46] [info] FRACTURE: Viewport : 1359.0 , 830.0
[00:28:46] [info] FRACTURE: No Hit 
[00:28:46] [info] FRACTURE: Mouse : -37.5 , -711.0
[00:28:46] [info] FRACTURE: Viewport : 1359.0 , 830.0
[00:28:46] [info] FRACTURE: No Hit 
[00:28:46] [info] FRACTURE: Mouse : -37.5 , -711.0
[00:28:46] [info] FRACTURE: Viewport : 1359.0 , 830.0
[00:28:46] [info] FRACTURE: No Hit 
[00:28:46] [info] FRACTURE: Mouse : -37.5 , -711.0
[00:28:46] [info] FRACTURE: Viewport : 1359.0 , 830.0
[00:28:46] [info] FRACTURE: No Hit 
[00:28:52] [info] FRACTURE: Mouse : -72.5 , -891.0
[00:28:52] [info] FRACTURE: Viewport : 1359.0 , 830.0
[00:28:52] [info] FRACTURE: No Hit 
[00:28:52] [info] FRACTURE: Mouse : -71.5 , -892.0
[00:28:52] [info] FRACTURE: Viewport : 1359.0 , 830.0
[00:28:52] [info] FRACTURE: No Hit 
[00:28:52] [info] FRACTURE: Mouse : -71.5 , -892.0
[00:28:52] [info] FRACTURE: Viewport : 1359.0 , 830.0
[00:28:52] [info] FRACTURE: No Hit 
[00:28:52] [info] FRACTURE: Mouse : -71.5 , -892.0
[00:28:52] [info] FRACTURE: Viewport : 1359.0 , 830.0
[00:28:52] [info] FRACTURE: No Hit 
[00:28:52] [info] FRACTURE: Mouse : -71.5 , -892.0
[00:28:52] [info] FRACTURE: Viewport : 1359.0 , 830.0
[00:28:52] [info] FRACTURE: No Hit 
[00:28:52] [info] FRACTURE: Mouse : -71.5 , -892.0
[00:28:52] [info] FRACTURE: Viewport : 1359.0 , 830.0
[00:28:52] [info] FRACTURE: No Hit 
[00:28:52] [info] FRACTURE: Mouse : -71.5 , -892.0
[00:28:52] [info] FRACTURE: Viewport : 1359.0 , 830.0
[00:28:52] [info] FRACTURE: No Hit 
[00:28:52] [info] FRACTURE: Mouse : -71.5 , -892.0
[00:28:52] [info] FRACTURE: Viewport : 1359.0 , 830.0
[00:28:52] [info] FRACTURE: No Hit 
[00:28:52] [info] FRACTURE: Mouse : -71.5 , -892.0
[00:28:52] [info] FRACTURE: Viewport : 1359.0 , 830.0
[00:28:52] [info] FRACTURE: No Hit 
[00:28:52] [info] FRACTURE: Mouse : -71.5 , -892.0
[00:28:52] [info] FRACTURE: Viewport : 1359.0 , 830.0
[00:28:52] [info] FRACTURE: No Hit 
[00:28:55] [info] FRACTURE: Mouse : -31.5 , -837.0
[00:28:55] [info] FRACTURE: Viewport : 1359.0 , 830.0
[00:28:55] [info] FRACTURE: No Hit 
[00:28:55] [info] FRACTURE: Mouse : -31.5 , -837.0
[00:28:55] [info] FRACTURE: Viewport : 1359.0 , 830.0
[00:28:55] [info] FRACTURE: No Hit 
[00:28:55] [info] FRACTURE: Mouse : -31.5 , -837.0
[00:28:55] [info] FRACTURE: Viewport : 1359.0 , 830.0
[00:28:55] [info] FRACTURE: No Hit 
[00:28:55] [info] FRACTURE: Mouse : -31.5 , -837.0
[00:28:55] [info] FRACTURE: Viewport : 1359.0 , 830.0
[00:28:55] [info] FRACTURE: No Hit 
[00:28:55] [info] FRACTURE: Mouse : -31.5 , -837.0
[00:28:55] [info] FRACTURE: Viewport : 1359.0 , 830.0
[00:28:55] [info] FRACTURE: No Hit 
[00:28:55] [info] FRACTURE: Mouse : -31.5 , -837.0
[00:28:55] [info] FRACTURE: Viewport : 1359.0 , 830.0
[00:28:55] [info] FRACTURE: No Hit 
[00:28:55] [info] FRACTURE: Mouse : -31.5 , -837.0
[00:28:55] [info] FRACTURE: Viewport : 1359.0 , 830.0
[00:28:55] [info] FRACTURE: No Hit 
[00:28:55] [info] FRACTURE: Mouse : -31.5 , -837.0
[00:28:55] [info] FRACTURE: Viewport : 1359.0 , 830.0
[00:28:55] [info] FRACTURE: No Hit 
[00:28:55] [info] FRACTURE: Mouse : -31.5 , -837.0
[00:28:55] [info] FRACTURE: Viewport : 1359.0 , 830.0
[00:28:55] [info] FRACTURE: No Hit 
[00:28:55] [info] FRACTURE: Mouse : -31.5 , -837.0
[00:28:55] [info] FRACTURE: Viewport : 1359.0 , 830.0
[00:28:55] [info] FRACTURE: No Hit 
[00:28:55] [info] FRACTURE: Mouse : -31.5 , -837.0
[00:28:55] [info] FRACTURE: Viewport : 1359.0 , 830.0
[00:28:55] [info] FRACTURE: No Hit 
[00:28:58] [info] FRACTURE: Mouse : -373.5 , -812.0
[00:28:58] [info] FRACTURE: Viewport : 1359.0 , 830.0
[00:28:58] [info] FRACTURE: No Hit 
[00:28:58] [info] FRACTURE: Mouse : -373.5 , -811.0
[00:28:58] [info] FRACTURE: Viewport : 1359.0 , 830.0
[00:28:58] [info] FRACTURE: No Hit 
[00:28:58] [info] FRACTURE: Mouse : -373.5 , -811.0
[00:28:58] [info] FRACTURE: Viewport : 1359.0 , 830.0
[00:28:58] [info] FRACTURE: No Hit 
[00:28:58] [info] FRACTURE: Mouse : -373.5 , -811.0
[00:28:58] [info] FRACTURE: Viewport : 1359.0 , 830.0
[00:28:58] [info] FRACTURE: No Hit 
[00:28:58] [info] FRACTURE: Mouse : -373.5 , -811.0
[00:28:58] [info] FRACTURE: Viewport : 1359.0 , 830.0
[00:28:58] [info] FRACTURE: No Hit 
[00:28:58] [info] FRACTURE: Mouse : -373.5 , -811.0
[00:28:58] [info] FRACTURE: Viewport : 1359.0 , 830.0
[00:28:58] [info] FRACTURE: No Hit 
[00:28:58] [info] FRACTURE: Mouse : -373.5 , -811.0
[00:28:58] [info] FRACTURE: Viewport : 1359.0 , 830.0
[00:28:58] [info] FRACTURE: No Hit 
[00:28:58] [info] FRACTURE: Mouse : -373.5 , -811.0
[00:28:58] [info] FRACTURE: Viewport : 1359.0 , 830.0
[00:28:58] [info] FRACTURE: No Hit 
[00:28:58] [info] FRACTURE: Mouse : -373.5 , -811.0
[00:28:58] [info] FRACTURE: Viewport : 1359.0 , 830.0
[00:28:58] [info] FRACTURE: No Hit 
[00:28:58] [info] FRACTURE: Mouse : -373.5 , -811.0
[00:28:58] [info] FRACTURE: Viewport : 1359.0 , 830.0
[00:28:58] [info] FRACTURE: No Hit 
[00:28:58] [info] FRACTURE: Mouse : -373.5 , -811.0
[00:28:58] [info] FRACTURE: Viewport : 1359.0 , 830.0
[00:28:58] [info] FRACTURE: No Hit 
[00:28:58] [info] FRACTURE: Mouse : -373.5 , -811.0
[00:28:58] [info] FRACTURE: Viewport : 1359.0 , 830.0
[00:28:58] [info] FRACTURE: No Hit 
[00:28:58] [info] FRACTURE: Mouse : -373.5 , -811.0
[00:28:58] [info] FRACTURE: Viewport : 1359.0 , 830.0
[00:28:58] [info] FRACTURE: No Hit 
[00:28:58] [info] FRACTURE: Mouse : -373.5 , -811.0
[00:28:58] [info] FRACTURE: Viewport : 1359.0 , 830.0
[00:28:58] [info] FRACTURE: No Hit 
[00:28:58] [info] FRACTURE: Mouse : -373.5 , -811.0
[00:28:58] [info] FRACTURE: Viewport : 1359.0 , 830.0
[00:28:58] [info] FRACTURE: No Hit 
[00:28:58] [info] FRACTURE: Mouse : -370.5 , -811.0
[00:28:58] [info] FRACTURE: Viewport : 1359.0 , 830.0
[00:28:58] [info] FRACTURE: No Hit 
[00:28:58] [info] FRACTURE: Mouse : -364.5 , -808.0
[00:28:58] [info] FRACTURE: Viewport : 1359.0 , 830.0
[00:28:58] [info] FRACTURE: No Hit 
[00:28:58] [info] FRACTURE: Mouse : -356.5 , -806.0
[00:28:58] [info] FRACTURE: Viewport : 1359.0 , 830.0
[00:28:58] [info] FRACTURE: No Hit 
[00:28:58] [info] FRACTURE: Mouse : -350.5 , -804.0
[00:28:58] [info] FRACTURE: Viewport : 1359.0 , 830.0
[00:28:58] [info] FRACTURE: No Hit 
[00:28:58] [info] FRACTURE: Mouse : -344.5 , -801.0
[00:28:58] [info] FRACTURE: Viewport : 1359.0 , 830.0
[00:28:58] [info] FRACTURE: No Hit 
[00:28:58] [info] FRACTURE: Mouse : -335.5 , -797.0
[00:28:58] [info] FRACTURE: Viewport : 1359.0 , 830.0
[00:28:58] [info] FRACTURE: No Hit 
[00:28:58] [info] FRACTURE: Mouse : -325.5 , -793.0
[00:28:58] [info] FRACTURE: Viewport : 1359.0 , 830.0
[00:28:58] [info] FRACTURE: No Hit 
[00:28:58] [info] FRACTURE: Mouse : -306.5 , -785.0
[00:28:58] [info] FRACTURE: Viewport : 1359.0 , 830.0
[00:28:58] [info] FRACTURE: No Hit 
[00:28:58] [info] FRACTURE: Mouse : -282.5 , -776.0
[00:28:58] [info] FRACTURE: Viewport : 1359.0 , 830.0
[00:28:58] [info] FRACTURE: No Hit 
[00:28:58] [info] FRACTURE: Mouse : -254.5 , -766.0
[00:28:58] [info] FRACTURE: Viewport : 1359.0 , 830.0
[00:28:58] [info] FRACTURE: No Hit 
[00:28:58] [info] FRACTURE: Mouse : -222.5 , -757.0
[00:28:58] [info] FRACTURE: Viewport : 1359.0 , 830.0
[00:28:58] [info] FRACTURE: No Hit 
[00:28:58] [info] FRACTURE: Mouse : -186.5 , -749.0
[00:28:58] [info] FRACTURE: Viewport : 1359.0 , 830.0
[00:28:58] [info] FRACTURE: No Hit 
[00:28:58] [info] FRACTURE: Mouse : -153.5 , -743.0
[00:28:58] [info] FRACTURE: Viewport : 1359.0 , 830.0
[00:28:58] [info] FRACTURE: No Hit 
[00:28:58] [info] FRACTURE: Mouse : -113.5 , -739.0
[00:28:58] [info] FRACTURE: Viewport : 1359.0 , 830.0
[00:28:58] [info] FRACTURE: No Hit 
[00:28:58] [info] FRACTURE: Mouse : -74.5 , -737.0
[00:28:58] [info] FRACTURE: Viewport : 1359.0 , 830.0
[00:28:58] [info] FRACTURE: No Hit 
[00:28:58] [info] FRACTURE: Mouse : -32.5 , -736.0
[00:28:58] [info] FRACTURE: Viewport : 1359.0 , 830.0
[00:28:58] [info] FRACTURE: No Hit 
[00:28:58] [info] FRACTURE: Mouse : 11.5 , -738.0
[00:28:58] [info] FRACTURE: Viewport : 1359.0 , 830.0
[00:28:58] [info] FRACTURE: No Hit 
[00:28:58] [info] FRACTURE: Mouse : 59.5 , -746.0
[00:28:58] [info] FRACTURE: Viewport : 1359.0 , 830.0
[00:28:58] [info] FRACTURE: No Hit 
[00:28:58] [info] FRACTURE: Mouse : 108.5 , -760.0
[00:28:58] [info] FRACTURE: Viewport : 1359.0 , 830.0
[00:28:58] [info] FRACTURE: No Hit 
[00:28:58] [info] FRACTURE: Mouse : 159.5 , -780.0
[00:28:58] [info] FRACTURE: Viewport : 1359.0 , 830.0
[00:28:58] [info] FRACTURE: No Hit 
[00:28:58] [info] FRACTURE: Mouse : 207.5 , -799.0
[00:28:58] [info] FRACTURE: Viewport : 1359.0 , 830.0
[00:28:58] [info] FRACTURE: No Hit 
[00:28:58] [info] FRACTURE: Mouse : 242.5 , -815.0
[00:28:58] [info] FRACTURE: Viewport : 1359.0 , 830.0
[00:28:58] [info] FRACTURE: No Hit 
[00:28:58] [info] FRACTURE: Mouse : 279.5 , -833.0
[00:28:58] [info] FRACTURE: Viewport : 1359.0 , 830.0
[00:28:58] [info] FRACTURE: No Hit 
[00:28:58] [info] FRACTURE: Mouse : 309.5 , -852.0
[00:28:58] [info] FRACTURE: Viewport : 1359.0 , 830.0
[00:28:58] [info] FRACTURE: No Hit 
[00:28:58] [info] FRACTURE: Mouse : 324.5 , -868.0
[00:28:58] [info] FRACTURE: Viewport : 1359.0 , 830.0
[00:28:58] [info] FRACTURE: No Hit 
[00:28:58] [info] FRACTURE: Mouse : 329.5 , -884.0
[00:28:58] [info] FRACTURE: Viewport : 1359.0 , 830.0
[00:28:58] [info] FRACTURE: No Hit 
[00:28:58] [info] FRACTURE: Mouse : 328.5 , -901.0
[00:28:58] [info] FRACTURE: Viewport : 1359.0 , 830.0
[00:28:58] [info] FRACTURE: No Hit 
[00:28:58] [info] FRACTURE: Mouse : 317.5 , -921.0
[00:28:58] [info] FRACTURE: Viewport : 1359.0 , 830.0
[00:28:58] [info] FRACTURE: No Hit 
[00:28:58] [info] FRACTURE: Mouse : 287.5 , -949.0
[00:28:58] [info] FRACTURE: Viewport : 1359.0 , 830.0
[00:28:58] [info] FRACTURE: No Hit 
[00:28:58] [info] FRACTURE: Mouse : 231.5 , -984.0
[00:28:58] [info] FRACTURE: Viewport : 1359.0 , 830.0
[00:28:58] [info] FRACTURE: No Hit 
[00:28:58] [info] FRACTURE: Mouse : 168.5 , -1013.0
[00:28:58] [info] FRACTURE: Viewport : 1359.0 , 830.0
[00:28:58] [info] FRACTURE: No Hit 
[00:28:58] [info] FRACTURE: Mouse : 109.5 , -1034.0
[00:28:58] [info] FRACTURE: Viewport : 1359.0 , 830.0
[00:28:58] [info] FRACTURE: No Hit 
[00:28:58] [info] FRACTURE: Mouse : 53.5 , -1049.0
[00:28:58] [info] FRACTURE: Viewport : 1359.0 , 830.0
[00:28:58] [info] FRACTURE: No Hit 
[00:28:58] [info] FRACTURE: Mouse : 1.5 , -1055.0
[00:28:58] [info] FRACTURE: Viewport : 1359.0 , 830.0
[00:28:58] [info] FRACTURE: No Hit 
[00:28:58] [info] FRACTURE: Mouse : -31.5 , -1053.0
[00:28:58] [info] FRACTURE: Viewport : 1359.0 , 830.0
[00:28:58] [info] FRACTURE: No Hit 
[00:28:59] [info] FRACTURE: Mouse : -48.5 , -1044.0
[00:28:59] [info] FRACTURE: Viewport : 1359.0 , 830.0
[00:28:59] [info] FRACTURE: No Hit 
[00:28:59] [info] FRACTURE: Mouse : -61.5 , -1027.0
[00:28:59] [info] FRACTURE: Viewport : 1359.0 , 830.0
[00:28:59] [info] FRACTURE: No Hit 
[00:28:59] [info] FRACTURE: Mouse : -73.5 , -1005.0
[00:28:59] [info] FRACTURE: Viewport : 1359.0 , 830.0
[00:28:59] [info] FRACTURE: No Hit 
[00:28:59] [info] FRACTURE: Mouse : -83.5 , -986.0
[00:28:59] [info] FRACTURE: Viewport : 1359.0 , 830.0
[00:28:59] [info] FRACTURE: No Hit 
[00:28:59] [info] FRACTURE: Mouse : -88.5 , -970.0
[00:28:59] [info] FRACTURE: Viewport : 1359.0 , 830.0
[00:28:59] [info] FRACTURE: No Hit 
[00:28:59] [info] FRACTURE: Mouse : -88.5 , -959.0
[00:28:59] [info] FRACTURE: Viewport : 1359.0 , 830.0
[00:28:59] [info] FRACTURE: No Hit 
[00:28:59] [info] FRACTURE: Mouse : -88.5 , -949.0
[00:28:59] [info] FRACTURE: Viewport : 1359.0 , 830.0
[00:28:59] [info] FRACTURE: No Hit 
[00:28:59] [info] FRACTURE: Mouse : -85.5 , -943.0
[00:28:59] [info] FRACTURE: Viewport : 1359.0 , 830.0
[00:28:59] [info] FRACTURE: No Hit 
[00:28:59] [info] FRACTURE: Mouse : -81.5 , -938.0
[00:28:59] [info] FRACTURE: Viewport : 1359.0 , 830.0
[00:28:59] [info] FRACTURE: No Hit 
[00:28:59] [info] FRACTURE: Mouse : -74.5 , -933.0
[00:28:59] [info] FRACTURE: Viewport : 1359.0 , 830.0
[00:28:59] [info] FRACTURE: No Hit 
[00:28:59] [info] FRACTURE: Mouse : -64.5 , -928.0
[00:28:59] [info] FRACTURE: Viewport : 1359.0 , 830.0
[00:28:59] [info] FRACTURE: No Hit 
[00:28:59] [info] FRACTURE: Mouse : -54.5 , -924.0
[00:28:59] [info] FRACTURE: Viewport : 1359.0 , 830.0
[00:28:59] [info] FRACTURE: No Hit 
[00:28:59] [info] FRACTURE: Mouse : -44.5 , -921.0
[00:28:59] [info] FRACTURE: Viewport : 1359.0 , 830.0
[00:28:59] [info] FRACTURE: No Hit 
[00:28:59] [info] FRACTURE: Mouse : -37.5 , -919.0
[00:28:59] [info] FRACTURE: Viewport : 1359.0 , 830.0
[00:28:59] [info] FRACTURE: No Hit 
[00:28:59] [info] FRACTURE: Mouse : -35.5 , -918.0
[00:28:59] [info] FRACTURE: Viewport : 1359.0 , 830.0
[00:28:59] [info] FRACTURE: No Hit 
[00:28:59] [info] FRACTURE: Mouse : -35.5 , -918.0
[00:28:59] [info] FRACTURE: Viewport : 1359.0 , 830.0
[00:28:59] [info] FRACTURE: No Hit 
[00:28:59] [info] FRACTURE: Mouse : -35.5 , -918.0
[00:28:59] [info] FRACTURE: Viewport : 1359.0 , 830.0
[00:28:59] [info] FRACTURE: No Hit 
[00:28:59] [info] FRACTURE: Mouse : -35.5 , -918.0
[00:28:59] [info] FRACTURE: Viewport : 1359.0 , 830.0
[00:28:59] [info] FRACTURE: No Hit 
[00:28:59] [info] FRACTURE: Mouse : -35.5 , -918.0
[00:28:59] [info] FRACTURE: Viewport : 1359.0 , 830.0
[00:28:59] [info] FRACTURE: No Hit 
[00:28:59] [info] FRACTURE: Mouse : -34.5 , -916.0
[00:28:59] [info] FRACTURE: Viewport : 1359.0 , 830.0
[00:28:59] [info] FRACTURE: No Hit 
[00:28:59] [info] FRACTURE: Mouse : -31.5 , -912.0
[00:28:59] [info] FRACTURE: Viewport : 1359.0 , 830.0
[00:28:59] [info] FRACTURE: No Hit 
[00:28:59] [info] FRACTURE: Mouse : -29.5 , -907.0
[00:28:59] [info] FRACTURE: Viewport : 1359.0 , 830.0
[00:28:59] [info] FRACTURE: No Hit 
[00:28:59] [info] FRACTURE: Mouse : -26.5 , -895.0
[00:28:59] [info] FRACTURE: Viewport : 1359.0 , 830.0
[00:28:59] [info] FRACTURE: No Hit 
[00:28:59] [info] FRACTURE: Mouse : -20.5 , -875.0
[00:28:59] [info] FRACTURE: Viewport : 1359.0 , 830.0
[00:28:59] [info] FRACTURE: No Hit 
[00:28:59] [info] FRACTURE: Mouse : -13.5 , -843.0
[00:28:59] [info] FRACTURE: Viewport : 1359.0 , 830.0
[00:28:59] [info] FRACTURE: No Hit 
[00:28:59] [info] FRACTURE: Mouse : -7.5 , -809.0
[00:28:59] [info] FRACTURE: Viewport : 1359.0 , 830.0
[00:28:59] [info] FRACTURE: No Hit 
[00:28:59] [info] FRACTURE: Mouse : -5.5 , -789.0
[00:28:59] [info] FRACTURE: Viewport : 1359.0 , 830.0
[00:28:59] [info] FRACTURE: No Hit 
[00:28:59] [info] FRACTURE: Mouse : -5.5 , -782.0
[00:28:59] [info] FRACTURE: Viewport : 1359.0 , 830.0
[00:28:59] [info] FRACTURE: No Hit 
[00:28:59] [info] FRACTURE: Mouse : -7.5 , -777.0
[00:28:59] [info] FRACTURE: Viewport : 1359.0 , 830.0
[00:28:59] [info] FRACTURE: No Hit 
[00:28:59] [info] FRACTURE: Mouse : -11.5 , -772.0
[00:28:59] [info] FRACTURE: Viewport : 1359.0 , 830.0
[00:28:59] [info] FRACTURE: No Hit 
[00:28:59] [info] FRACTURE: Mouse : -15.5 , -768.0
[00:28:59] [info] FRACTURE: Viewport : 1359.0 , 830.0
[00:28:59] [info] FRACTURE: No Hit 
[00:28:59] [info] FRACTURE: Mouse : -25.5 , -765.0
[00:28:59] [info] FRACTURE: Viewport : 1359.0 , 830.0
[00:28:59] [info] FRACTURE: No Hit 
[00:28:59] [info] FRACTURE: Mouse : -41.5 , -763.0
[00:28:59] [info] FRACTURE: Viewport : 1359.0 , 830.0
[00:28:59] [info] FRACTURE: No Hit 
[00:28:59] [info] FRACTURE: Mouse : -60.5 , -764.0
[00:28:59] [info] FRACTURE: Viewport : 1359.0 , 830.0
[00:28:59] [info] FRACTURE: No Hit 
[00:28:59] [info] FRACTURE: Mouse : -78.5 , -766.0
[00:28:59] [info] FRACTURE: Viewport : 1359.0 , 830.0
[00:28:59] [info] FRACTURE: No Hit 
[00:28:59] [info] FRACTURE: Mouse : -89.5 , -767.0
[00:28:59] [info] FRACTURE: Viewport : 1359.0 , 830.0
[00:28:59] [info] FRACTURE: No Hit 
